21:46:14 **** Clean-only build of configuration Debug for project Prog_RufusV1.0 ****
make clean 
rm -rf *
 
21:46:19 **** Build of configuration Debug for project Prog_RufusV1.0 ****
make all 
Building file: ../startup/startup_stm32f030x6.s
Invoking: MCU GCC Assembler
C:\Users\mateu\Desktop\Rufus\Rufus\Prog_RufusV1.0\Debug
arm-none-eabi-as -mcpu=cortex-m0 -mthumb -mfloat-abi=soft -g -o "startup/startup_stm32f030x6.o" "../startup/startup_stm32f030x6.s"
Finished building: ../startup/startup_stm32f030x6.s
 
Building file: ../Src/adc.c
Invoking: MCU GCC Compiler
C:\Users\mateu\Desktop\Rufus\Rufus\Prog_RufusV1.0\Debug
arm-none-eabi-gcc -mcpu=cortex-m0 -mthumb -mfloat-abi=soft '-D__weak=__attribute__((weak))' '-D__packed=__attribute__((__packed__))' -DUSE_HAL_DRIVER -DSTM32F030x6 -I"C:/Users/mateu/Desktop/Rufus/Rufus/Prog_RufusV1.0/Inc" -I"C:/Users/mateu/Desktop/Rufus/Rufus/Prog_RufusV1.0/Drivers/STM32F0xx_HAL_Driver/Inc" -I"C:/Users/mateu/Desktop/Rufus/Rufus/Prog_RufusV1.0/Drivers/STM32F0xx_HAL_Driver/Inc/Legacy" -I"C:/Users/mateu/Desktop/Rufus/Rufus/Prog_RufusV1.0/Drivers/CMSIS/Device/ST/STM32F0xx/Include" -I"C:/Users/mateu/Desktop/Rufus/Rufus/Prog_RufusV1.0/Drivers/CMSIS/Include"  -Og -g3 -Wall -fmessage-length=0 -ffunction-sections -c -fmessage-length=0 -MMD -MP -MF"Src/adc.d" -MT"Src/adc.o" -o "Src/adc.o" "../Src/adc.c"
Finished building: ../Src/adc.c
 
Building file: ../Src/controle.c
Invoking: MCU GCC Compiler
C:\Users\mateu\Desktop\Rufus\Rufus\Prog_RufusV1.0\Debug
arm-none-eabi-gcc -mcpu=cortex-m0 -mthumb -mfloat-abi=soft '-D__weak=__attribute__((weak))' '-D__packed=__attribute__((__packed__))' -DUSE_HAL_DRIVER -DSTM32F030x6 -I"C:/Users/mateu/Desktop/Rufus/Rufus/Prog_RufusV1.0/Inc" -I"C:/Users/mateu/Desktop/Rufus/Rufus/Prog_RufusV1.0/Drivers/STM32F0xx_HAL_Driver/Inc" -I"C:/Users/mateu/Desktop/Rufus/Rufus/Prog_RufusV1.0/Drivers/STM32F0xx_HAL_Driver/Inc/Legacy" -I"C:/Users/mateu/Desktop/Rufus/Rufus/Prog_RufusV1.0/Drivers/CMSIS/Device/ST/STM32F0xx/Include" -I"C:/Users/mateu/Desktop/Rufus/Rufus/Prog_RufusV1.0/Drivers/CMSIS/Include"  -Og -g3 -Wall -fmessage-length=0 -ffunction-sections -c -fmessage-length=0 -MMD -MP -MF"Src/controle.d" -MT"Src/controle.o" -o "Src/controle.o" "../Src/controle.c"
In file included from ../Src/controle.c:7:0:
C:/Users/mateu/Desktop/Rufus/Rufus/Prog_RufusV1.0/Inc/controle.h:12:11: error: expected identifier or '(' before numeric constant
 #define N 15
           ^
C:/Users/mateu/Desktop/Rufus/Rufus/Prog_RufusV1.0/Drivers/CMSIS/Include/core_cm0.h:255:14: note: in expansion of macro 'N'
     uint32_t N:1;                        /*!< bit:     31  Negative condition code flag */
              ^
In file included from C:/Users/mateu/Desktop/Rufus/Rufus/Prog_RufusV1.0/Drivers/CMSIS/Device/ST/STM32F0xx/Include/stm32f030x6.h:120:0,
                 from C:/Users/mateu/Desktop/Rufus/Rufus/Prog_RufusV1.0/Drivers/CMSIS/Device/ST/STM32F0xx/Include/stm32f0xx.h:133,
                 from C:/Users/mateu/Desktop/Rufus/Rufus/Prog_RufusV1.0/Drivers/STM32F0xx_HAL_Driver/Inc/stm32f0xx_hal_def.h:46,
                 from C:/Users/mateu/Desktop/Rufus/Rufus/Prog_RufusV1.0/Drivers/STM32F0xx_HAL_Driver/Inc/stm32f0xx_hal_rcc.h:45,
                 from C:/Users/mateu/Desktop/Rufus/Rufus/Prog_RufusV1.0/Inc/stm32f0xx_hal_conf.h:193,
                 from C:/Users/mateu/Desktop/Rufus/Rufus/Prog_RufusV1.0/Drivers/STM32F0xx_HAL_Driver/Inc/stm32f0xx_hal.h:46,
                 from C:/Users/mateu/Desktop/Rufus/Rufus/Prog_RufusV1.0/Inc/main.h:31,
                 from C:/Users/mateu/Desktop/Rufus/Rufus/Prog_RufusV1.0/Inc/gpio.h:28,
                 from ../Src/controle.c:8:
C:/Users/mateu/Desktop/Rufus/Rufus/Prog_RufusV1.0/Drivers/CMSIS/Include/core_cm0.h:256:3: warning: no semicolon at end of struct or union
   } b;                                   /*!< Structure used for bit  access */
   ^
In file included from ../Src/controle.c:7:0:
C:/Users/mateu/Desktop/Rufus/Rufus/Prog_RufusV1.0/Inc/controle.h:11:11: error: expected identifier or '(' before numeric constant
 #define T 1/21000
           ^
C:/Users/mateu/Desktop/Rufus/Rufus/Prog_RufusV1.0/Drivers/CMSIS/Include/core_cm0.h:301:14: note: in expansion of macro 'T'
     uint32_t T:1;                        /*!< bit:     24  Thumb bit        (read 0) */
              ^
C:/Users/mateu/Desktop/Rufus/Rufus/Prog_RufusV1.0/Inc/controle.h:12:11: error: expected identifier or '(' before numeric constant
 #define N 15
           ^
C:/Users/mateu/Desktop/Rufus/Rufus/Prog_RufusV1.0/Drivers/CMSIS/Include/core_cm0.h:306:14: note: in expansion of macro 'N'
     uint32_t N:1;                        /*!< bit:     31  Negative condition code flag */
              ^
In file included from C:/Users/mateu/Desktop/Rufus/Rufus/Prog_RufusV1.0/Drivers/CMSIS/Device/ST/STM32F0xx/Include/stm32f030x6.h:120:0,
                 from C:/Users/mateu/Desktop/Rufus/Rufus/Prog_RufusV1.0/Drivers/CMSIS/Device/ST/STM32F0xx/Include/stm32f0xx.h:133,
                 from C:/Users/mateu/Desktop/Rufus/Rufus/Prog_RufusV1.0/Drivers/STM32F0xx_HAL_Driver/Inc/stm32f0xx_hal_def.h:46,
                 from C:/Users/mateu/Desktop/Rufus/Rufus/Prog_RufusV1.0/Drivers/STM32F0xx_HAL_Driver/Inc/stm32f0xx_hal_rcc.h:45,
                 from C:/Users/mateu/Desktop/Rufus/Rufus/Prog_RufusV1.0/Inc/stm32f0xx_hal_conf.h:193,
                 from C:/Users/mateu/Desktop/Rufus/Rufus/Prog_RufusV1.0/Drivers/STM32F0xx_HAL_Driver/Inc/stm32f0xx_hal.h:46,
                 from C:/Users/mateu/Desktop/Rufus/Rufus/Prog_RufusV1.0/Inc/main.h:31,
                 from C:/Users/mateu/Desktop/Rufus/Rufus/Prog_RufusV1.0/Inc/gpio.h:28,
                 from ../Src/controle.c:8:
C:/Users/mateu/Desktop/Rufus/Rufus/Prog_RufusV1.0/Drivers/CMSIS/Include/core_cm0.h:307:3: warning: no semicolon at end of struct or union
   } b;                                   /*!< Structure used for bit  access */
   ^
../Src/controle.c: In function 'moving_avarege':
../Src/controle.c:25:10: error: both 'long' and 'float' in declaration specifiers
     long float sum = 0;
          ^~~~~
make: *** [Src/controle.o] Error 1
Src/subdir.mk:60: recipe for target 'Src/controle.o' failed
21:46:51 **** Incremental Build of configuration Debug for project Prog_RufusV1.0 ****
make all 
Building file: ../Src/controle.c
Invoking: MCU GCC Compiler
C:\Users\mateu\Desktop\Rufus\Rufus\Prog_RufusV1.0\Debug
arm-none-eabi-gcc -mcpu=cortex-m0 -mthumb -mfloat-abi=soft '-D__weak=__attribute__((weak))' '-D__packed=__attribute__((__packed__))' -DUSE_HAL_DRIVER -DSTM32F030x6 -I"C:/Users/mateu/Desktop/Rufus/Rufus/Prog_RufusV1.0/Inc" -I"C:/Users/mateu/Desktop/Rufus/Rufus/Prog_RufusV1.0/Drivers/STM32F0xx_HAL_Driver/Inc" -I"C:/Users/mateu/Desktop/Rufus/Rufus/Prog_RufusV1.0/Drivers/STM32F0xx_HAL_Driver/Inc/Legacy" -I"C:/Users/mateu/Desktop/Rufus/Rufus/Prog_RufusV1.0/Drivers/CMSIS/Device/ST/STM32F0xx/Include" -I"C:/Users/mateu/Desktop/Rufus/Rufus/Prog_RufusV1.0/Drivers/CMSIS/Include"  -Og -g3 -Wall -fmessage-length=0 -ffunction-sections -c -fmessage-length=0 -MMD -MP -MF"Src/controle.d" -MT"Src/controle.o" -o "Src/controle.o" "../Src/controle.c"
In file included from ../Src/controle.c:7:0:
C:/Users/mateu/Desktop/Rufus/Rufus/Prog_RufusV1.0/Inc/controle.h:12:11: error: expected identifier or '(' before numeric constant
 #define N 15
           ^
C:/Users/mateu/Desktop/Rufus/Rufus/Prog_RufusV1.0/Drivers/CMSIS/Include/core_cm0.h:255:14: note: in expansion of macro 'N'
     uint32_t N:1;                        /*!< bit:     31  Negative condition code flag */
              ^
In file included from C:/Users/mateu/Desktop/Rufus/Rufus/Prog_RufusV1.0/Drivers/CMSIS/Device/ST/STM32F0xx/Include/stm32f030x6.h:120:0,
                 from C:/Users/mateu/Desktop/Rufus/Rufus/Prog_RufusV1.0/Drivers/CMSIS/Device/ST/STM32F0xx/Include/stm32f0xx.h:133,
                 from C:/Users/mateu/Desktop/Rufus/Rufus/Prog_RufusV1.0/Drivers/STM32F0xx_HAL_Driver/Inc/stm32f0xx_hal_def.h:46,
                 from C:/Users/mateu/Desktop/Rufus/Rufus/Prog_RufusV1.0/Drivers/STM32F0xx_HAL_Driver/Inc/stm32f0xx_hal_rcc.h:45,
                 from C:/Users/mateu/Desktop/Rufus/Rufus/Prog_RufusV1.0/Inc/stm32f0xx_hal_conf.h:193,
                 from C:/Users/mateu/Desktop/Rufus/Rufus/Prog_RufusV1.0/Drivers/STM32F0xx_HAL_Driver/Inc/stm32f0xx_hal.h:46,
                 from C:/Users/mateu/Desktop/Rufus/Rufus/Prog_RufusV1.0/Inc/main.h:31,
                 from C:/Users/mateu/Desktop/Rufus/Rufus/Prog_RufusV1.0/Inc/gpio.h:28,
                 from ../Src/controle.c:8:
C:/Users/mateu/Desktop/Rufus/Rufus/Prog_RufusV1.0/Drivers/CMSIS/Include/core_cm0.h:256:3: warning: no semicolon at end of struct or union
   } b;                                   /*!< Structure used for bit  access */
   ^
In file included from ../Src/controle.c:7:0:
C:/Users/mateu/Desktop/Rufus/Rufus/Prog_RufusV1.0/Inc/controle.h:11:11: error: expected identifier or '(' before numeric constant
 #define T 1/21000
           ^
C:/Users/mateu/Desktop/Rufus/Rufus/Prog_RufusV1.0/Drivers/CMSIS/Include/core_cm0.h:301:14: note: in expansion of macro 'T'
     uint32_t T:1;                        /*!< bit:     24  Thumb bit        (read 0) */
              ^
C:/Users/mateu/Desktop/Rufus/Rufus/Prog_RufusV1.0/Inc/controle.h:12:11: error: expected identifier or '(' before numeric constant
 #define N 15
           ^
C:/Users/mateu/Desktop/Rufus/Rufus/Prog_RufusV1.0/Drivers/CMSIS/Include/core_cm0.h:306:14: note: in expansion of macro 'N'
     uint32_t N:1;                        /*!< bit:     31  Negative condition code flag */
              ^
In file included from C:/Users/mateu/Desktop/Rufus/Rufus/Prog_RufusV1.0/Drivers/CMSIS/Device/ST/STM32F0xx/Include/stm32f030x6.h:120:0,
                 from C:/Users/mateu/Desktop/Rufus/Rufus/Prog_RufusV1.0/Drivers/CMSIS/Device/ST/STM32F0xx/Include/stm32f0xx.h:133,
                 from C:/Users/mateu/Desktop/Rufus/Rufus/Prog_RufusV1.0/Drivers/STM32F0xx_HAL_Driver/Inc/stm32f0xx_hal_def.h:46,
                 from C:/Users/mateu/Desktop/Rufus/Rufus/Prog_RufusV1.0/Drivers/STM32F0xx_HAL_Driver/Inc/stm32f0xx_hal_rcc.h:45,
                 from C:/Users/mateu/Desktop/Rufus/Rufus/Prog_RufusV1.0/Inc/stm32f0xx_hal_conf.h:193,
                 from C:/Users/mateu/Desktop/Rufus/Rufus/Prog_RufusV1.0/Drivers/STM32F0xx_HAL_Driver/Inc/stm32f0xx_hal.h:46,
                 from C:/Users/mateu/Desktop/Rufus/Rufus/Prog_RufusV1.0/Inc/main.h:31,
                 from C:/Users/mateu/Desktop/Rufus/Rufus/Prog_RufusV1.0/Inc/gpio.h:28,
                 from ../Src/controle.c:8:
C:/Users/mateu/Desktop/Rufus/Rufus/Prog_RufusV1.0/Drivers/CMSIS/Include/core_cm0.h:307:3: warning: no semicolon at end of struct or union
   } b;                                   /*!< Structure used for bit  access */
   ^
../Src/controle.c: In function 'moving_avarege':
../Src/controle.c:25:10: error: both 'long' and 'float' in declaration specifiers
     long float sum = 0;
          ^~~~~
Src/subdir.mk:60: recipe for target 'Src/controle.o' failed
make: *** [Src/controle.o] Error 1
21:47:02 **** Incremental Build of configuration Debug for project Prog_RufusV1.0 ****
make all 
Building file: ../Src/controle.c
Invoking: MCU GCC Compiler
C:\Users\mateu\Desktop\Rufus\Rufus\Prog_RufusV1.0\Debug
arm-none-eabi-gcc -mcpu=cortex-m0 -mthumb -mfloat-abi=soft '-D__weak=__attribute__((weak))' '-D__packed=__attribute__((__packed__))' -DUSE_HAL_DRIVER -DSTM32F030x6 -I"C:/Users/mateu/Desktop/Rufus/Rufus/Prog_RufusV1.0/Inc" -I"C:/Users/mateu/Desktop/Rufus/Rufus/Prog_RufusV1.0/Drivers/STM32F0xx_HAL_Driver/Inc" -I"C:/Users/mateu/Desktop/Rufus/Rufus/Prog_RufusV1.0/Drivers/STM32F0xx_HAL_Driver/Inc/Legacy" -I"C:/Users/mateu/Desktop/Rufus/Rufus/Prog_RufusV1.0/Drivers/CMSIS/Device/ST/STM32F0xx/Include" -I"C:/Users/mateu/Desktop/Rufus/Rufus/Prog_RufusV1.0/Drivers/CMSIS/Include"  -Og -g3 -Wall -fmessage-length=0 -ffunction-sections -c -fmessage-length=0 -MMD -MP -MF"Src/controle.d" -MT"Src/controle.o" -o "Src/controle.o" "../Src/controle.c"
In file included from ../Src/controle.c:7:0:
C:/Users/mateu/Desktop/Rufus/Rufus/Prog_RufusV1.0/Inc/controle.h:12:11: error: expected identifier or '(' before numeric constant
 #define N 15
           ^
C:/Users/mateu/Desktop/Rufus/Rufus/Prog_RufusV1.0/Drivers/CMSIS/Include/core_cm0.h:255:14: note: in expansion of macro 'N'
     uint32_t N:1;                        /*!< bit:     31  Negative condition code flag */
              ^
In file included from C:/Users/mateu/Desktop/Rufus/Rufus/Prog_RufusV1.0/Drivers/CMSIS/Device/ST/STM32F0xx/Include/stm32f030x6.h:120:0,
                 from C:/Users/mateu/Desktop/Rufus/Rufus/Prog_RufusV1.0/Drivers/CMSIS/Device/ST/STM32F0xx/Include/stm32f0xx.h:133,
                 from C:/Users/mateu/Desktop/Rufus/Rufus/Prog_RufusV1.0/Drivers/STM32F0xx_HAL_Driver/Inc/stm32f0xx_hal_def.h:46,
                 from C:/Users/mateu/Desktop/Rufus/Rufus/Prog_RufusV1.0/Drivers/STM32F0xx_HAL_Driver/Inc/stm32f0xx_hal_rcc.h:45,
                 from C:/Users/mateu/Desktop/Rufus/Rufus/Prog_RufusV1.0/Inc/stm32f0xx_hal_conf.h:193,
                 from C:/Users/mateu/Desktop/Rufus/Rufus/Prog_RufusV1.0/Drivers/STM32F0xx_HAL_Driver/Inc/stm32f0xx_hal.h:46,
                 from C:/Users/mateu/Desktop/Rufus/Rufus/Prog_RufusV1.0/Inc/main.h:31,
                 from C:/Users/mateu/Desktop/Rufus/Rufus/Prog_RufusV1.0/Inc/gpio.h:28,
                 from ../Src/controle.c:8:
C:/Users/mateu/Desktop/Rufus/Rufus/Prog_RufusV1.0/Drivers/CMSIS/Include/core_cm0.h:256:3: warning: no semicolon at end of struct or union
   } b;                                   /*!< Structure used for bit  access */
   ^
In file included from ../Src/controle.c:7:0:
C:/Users/mateu/Desktop/Rufus/Rufus/Prog_RufusV1.0/Inc/controle.h:11:11: error: expected identifier or '(' before numeric constant
 #define T 1/21000
           ^
C:/Users/mateu/Desktop/Rufus/Rufus/Prog_RufusV1.0/Drivers/CMSIS/Include/core_cm0.h:301:14: note: in expansion of macro 'T'
     uint32_t T:1;                        /*!< bit:     24  Thumb bit        (read 0) */
              ^
C:/Users/mateu/Desktop/Rufus/Rufus/Prog_RufusV1.0/Inc/controle.h:12:11: error: expected identifier or '(' before numeric constant
 #define N 15
           ^
C:/Users/mateu/Desktop/Rufus/Rufus/Prog_RufusV1.0/Drivers/CMSIS/Include/core_cm0.h:306:14: note: in expansion of macro 'N'
     uint32_t N:1;                        /*!< bit:     31  Negative condition code flag */
              ^
In file included from C:/Users/mateu/Desktop/Rufus/Rufus/Prog_RufusV1.0/Drivers/CMSIS/Device/ST/STM32F0xx/Include/stm32f030x6.h:120:0,
                 from C:/Users/mateu/Desktop/Rufus/Rufus/Prog_RufusV1.0/Drivers/CMSIS/Device/ST/STM32F0xx/Include/stm32f0xx.h:133,
                 from C:/Users/mateu/Desktop/Rufus/Rufus/Prog_RufusV1.0/Drivers/STM32F0xx_HAL_Driver/Inc/stm32f0xx_hal_def.h:46,
                 from C:/Users/mateu/Desktop/Rufus/Rufus/Prog_RufusV1.0/Drivers/STM32F0xx_HAL_Driver/Inc/stm32f0xx_hal_rcc.h:45,
                 from C:/Users/mateu/Desktop/Rufus/Rufus/Prog_RufusV1.0/Inc/stm32f0xx_hal_conf.h:193,
                 from C:/Users/mateu/Desktop/Rufus/Rufus/Prog_RufusV1.0/Drivers/STM32F0xx_HAL_Driver/Inc/stm32f0xx_hal.h:46,
                 from C:/Users/mateu/Desktop/Rufus/Rufus/Prog_RufusV1.0/Inc/main.h:31,
                 from C:/Users/mateu/Desktop/Rufus/Rufus/Prog_RufusV1.0/Inc/gpio.h:28,
                 from ../Src/controle.c:8:
C:/Users/mateu/Desktop/Rufus/Rufus/Prog_RufusV1.0/Drivers/CMSIS/Include/core_cm0.h:307:3: warning: no semicolon at end of struct or union
   } b;                                   /*!< Structure used for bit  access */
   ^
make: *** [Src/controle.o] Error 1
Src/subdir.mk:60: recipe for target 'Src/controle.o' failed
21:48:01 **** Incremental Build of configuration Debug for project Prog_RufusV1.0 ****
make all 
Building file: ../Src/controle.c
Invoking: MCU GCC Compiler
C:\Users\mateu\Desktop\Rufus\Rufus\Prog_RufusV1.0\Debug
arm-none-eabi-gcc -mcpu=cortex-m0 -mthumb -mfloat-abi=soft '-D__weak=__attribute__((weak))' '-D__packed=__attribute__((__packed__))' -DUSE_HAL_DRIVER -DSTM32F030x6 -I"C:/Users/mateu/Desktop/Rufus/Rufus/Prog_RufusV1.0/Inc" -I"C:/Users/mateu/Desktop/Rufus/Rufus/Prog_RufusV1.0/Drivers/STM32F0xx_HAL_Driver/Inc" -I"C:/Users/mateu/Desktop/Rufus/Rufus/Prog_RufusV1.0/Drivers/STM32F0xx_HAL_Driver/Inc/Legacy" -I"C:/Users/mateu/Desktop/Rufus/Rufus/Prog_RufusV1.0/Drivers/CMSIS/Device/ST/STM32F0xx/Include" -I"C:/Users/mateu/Desktop/Rufus/Rufus/Prog_RufusV1.0/Drivers/CMSIS/Include"  -Og -g3 -Wall -fmessage-length=0 -ffunction-sections -c -fmessage-length=0 -MMD -MP -MF"Src/controle.d" -MT"Src/controle.o" -o "Src/controle.o" "../Src/controle.c"
In file included from ../Src/controle.c:7:0:
C:/Users/mateu/Desktop/Rufus/Rufus/Prog_RufusV1.0/Inc/controle.h:12:11: error: expected identifier or '(' before numeric constant
 #define N 15
           ^
C:/Users/mateu/Desktop/Rufus/Rufus/Prog_RufusV1.0/Drivers/CMSIS/Include/core_cm0.h:255:14: note: in expansion of macro 'N'
     uint32_t N:1;                        /*!< bit:     31  Negative condition code flag */
              ^
In file included from C:/Users/mateu/Desktop/Rufus/Rufus/Prog_RufusV1.0/Drivers/CMSIS/Device/ST/STM32F0xx/Include/stm32f030x6.h:120:0,
                 from C:/Users/mateu/Desktop/Rufus/Rufus/Prog_RufusV1.0/Drivers/CMSIS/Device/ST/STM32F0xx/Include/stm32f0xx.h:133,
                 from C:/Users/mateu/Desktop/Rufus/Rufus/Prog_RufusV1.0/Drivers/STM32F0xx_HAL_Driver/Inc/stm32f0xx_hal_def.h:46,
                 from C:/Users/mateu/Desktop/Rufus/Rufus/Prog_RufusV1.0/Drivers/STM32F0xx_HAL_Driver/Inc/stm32f0xx_hal_rcc.h:45,
                 from C:/Users/mateu/Desktop/Rufus/Rufus/Prog_RufusV1.0/Inc/stm32f0xx_hal_conf.h:193,
                 from C:/Users/mateu/Desktop/Rufus/Rufus/Prog_RufusV1.0/Drivers/STM32F0xx_HAL_Driver/Inc/stm32f0xx_hal.h:46,
                 from C:/Users/mateu/Desktop/Rufus/Rufus/Prog_RufusV1.0/Inc/main.h:31,
                 from C:/Users/mateu/Desktop/Rufus/Rufus/Prog_RufusV1.0/Inc/gpio.h:28,
                 from ../Src/controle.c:8:
C:/Users/mateu/Desktop/Rufus/Rufus/Prog_RufusV1.0/Drivers/CMSIS/Include/core_cm0.h:256:3: warning: no semicolon at end of struct or union
   } b;                                   /*!< Structure used for bit  access */
   ^
In file included from ../Src/controle.c:7:0:
C:/Users/mateu/Desktop/Rufus/Rufus/Prog_RufusV1.0/Inc/controle.h:11:11: error: expected identifier or '(' before numeric constant
 #define T 1/21000
           ^
C:/Users/mateu/Desktop/Rufus/Rufus/Prog_RufusV1.0/Drivers/CMSIS/Include/core_cm0.h:301:14: note: in expansion of macro 'T'
     uint32_t T:1;                        /*!< bit:     24  Thumb bit        (read 0) */
              ^
C:/Users/mateu/Desktop/Rufus/Rufus/Prog_RufusV1.0/Inc/controle.h:12:11: error: expected identifier or '(' before numeric constant
 #define N 15
           ^
C:/Users/mateu/Desktop/Rufus/Rufus/Prog_RufusV1.0/Drivers/CMSIS/Include/core_cm0.h:306:14: note: in expansion of macro 'N'
     uint32_t N:1;                        /*!< bit:     31  Negative condition code flag */
              ^
In file included from C:/Users/mateu/Desktop/Rufus/Rufus/Prog_RufusV1.0/Drivers/CMSIS/Device/ST/STM32F0xx/Include/stm32f030x6.h:120:0,
                 from C:/Users/mateu/Desktop/Rufus/Rufus/Prog_RufusV1.0/Drivers/CMSIS/Device/ST/STM32F0xx/Include/stm32f0xx.h:133,
                 from C:/Users/mateu/Desktop/Rufus/Rufus/Prog_RufusV1.0/Drivers/STM32F0xx_HAL_Driver/Inc/stm32f0xx_hal_def.h:46,
                 from C:/Users/mateu/Desktop/Rufus/Rufus/Prog_RufusV1.0/Drivers/STM32F0xx_HAL_Driver/Inc/stm32f0xx_hal_rcc.h:45,
                 from C:/Users/mateu/Desktop/Rufus/Rufus/Prog_RufusV1.0/Inc/stm32f0xx_hal_conf.h:193,
                 from C:/Users/mateu/Desktop/Rufus/Rufus/Prog_RufusV1.0/Drivers/STM32F0xx_HAL_Driver/Inc/stm32f0xx_hal.h:46,
                 from C:/Users/mateu/Desktop/Rufus/Rufus/Prog_RufusV1.0/Inc/main.h:31,
                 from C:/Users/mateu/Desktop/Rufus/Rufus/Prog_RufusV1.0/Inc/gpio.h:28,
                 from ../Src/controle.c:8:
C:/Users/mateu/Desktop/Rufus/Rufus/Prog_RufusV1.0/Drivers/CMSIS/Include/core_cm0.h:307:3: warning: no semicolon at end of struct or union
   } b;                                   /*!< Structure used for bit  access */
   ^
make: *** [Src/controle.o] Error 1
Src/subdir.mk:60: recipe for target 'Src/controle.o' failed
21:48:13 **** Incremental Build of configuration Debug for project Prog_RufusV1.0 ****
make all 
Building file: ../Src/controle.c
Invoking: MCU GCC Compiler
C:\Users\mateu\Desktop\Rufus\Rufus\Prog_RufusV1.0\Debug
arm-none-eabi-gcc -mcpu=cortex-m0 -mthumb -mfloat-abi=soft '-D__weak=__attribute__((weak))' '-D__packed=__attribute__((__packed__))' -DUSE_HAL_DRIVER -DSTM32F030x6 -I"C:/Users/mateu/Desktop/Rufus/Rufus/Prog_RufusV1.0/Inc" -I"C:/Users/mateu/Desktop/Rufus/Rufus/Prog_RufusV1.0/Drivers/STM32F0xx_HAL_Driver/Inc" -I"C:/Users/mateu/Desktop/Rufus/Rufus/Prog_RufusV1.0/Drivers/STM32F0xx_HAL_Driver/Inc/Legacy" -I"C:/Users/mateu/Desktop/Rufus/Rufus/Prog_RufusV1.0/Drivers/CMSIS/Device/ST/STM32F0xx/Include" -I"C:/Users/mateu/Desktop/Rufus/Rufus/Prog_RufusV1.0/Drivers/CMSIS/Include"  -Og -g3 -Wall -fmessage-length=0 -ffunction-sections -c -fmessage-length=0 -MMD -MP -MF"Src/controle.d" -MT"Src/controle.o" -o "Src/controle.o" "../Src/controle.c"
../Src/controle.c: In function 'moving_avarege':
../Src/controle.c:23:11: error: 'N' undeclared (first use in this function)
  int vals[N];
           ^
../Src/controle.c:23:11: note: each undeclared identifier is reported only once for each function it appears in
../Src/controle.c:23:6: warning: unused variable 'vals' [-Wunused-variable]
  int vals[N];
      ^~~~
In file included from ../Src/controle.c:7:0:
../Src/controle.c: In function 'PID':
C:/Users/mateu/Desktop/Rufus/Rufus/Prog_RufusV1.0/Inc/controle.h:14:26: error: 'T' undeclared (first use in this function)
 #define Kd (Kd_Recebido)/T//valores do coeficiente derivativo (Kd) 2  1.425
                          ^
../Src/controle.c:54:21: note: in expansion of macro 'Kd'
  PID_valor= (Kp*P)+(Kd*D)+(Ki*I);
                     ^~
Src/subdir.mk:60: recipe for target 'Src/controle.o' failed
make: *** [Src/controle.o] Error 1
21:49:01 **** Incremental Build of configuration Debug for project Prog_RufusV1.0 ****
make all 
Building file: ../Src/controle.c
Invoking: MCU GCC Compiler
C:\Users\mateu\Desktop\Rufus\Rufus\Prog_RufusV1.0\Debug
arm-none-eabi-gcc -mcpu=cortex-m0 -mthumb -mfloat-abi=soft '-D__weak=__attribute__((weak))' '-D__packed=__attribute__((__packed__))' -DUSE_HAL_DRIVER -DSTM32F030x6 -I"C:/Users/mateu/Desktop/Rufus/Rufus/Prog_RufusV1.0/Inc" -I"C:/Users/mateu/Desktop/Rufus/Rufus/Prog_RufusV1.0/Drivers/STM32F0xx_HAL_Driver/Inc" -I"C:/Users/mateu/Desktop/Rufus/Rufus/Prog_RufusV1.0/Drivers/STM32F0xx_HAL_Driver/Inc/Legacy" -I"C:/Users/mateu/Desktop/Rufus/Rufus/Prog_RufusV1.0/Drivers/CMSIS/Device/ST/STM32F0xx/Include" -I"C:/Users/mateu/Desktop/Rufus/Rufus/Prog_RufusV1.0/Drivers/CMSIS/Include"  -Og -g3 -Wall -fmessage-length=0 -ffunction-sections -c -fmessage-length=0 -MMD -MP -MF"Src/controle.d" -MT"Src/controle.o" -o "Src/controle.o" "../Src/controle.c"
../Src/controle.c: In function 'moving_avarege':
../Src/controle.c:23:11: error: 'N' undeclared (first use in this function)
  int vals[N];
           ^
../Src/controle.c:23:11: note: each undeclared identifier is reported only once for each function it appears in
../Src/controle.c:23:6: warning: unused variable 'vals' [-Wunused-variable]
  int vals[N];
      ^~~~
In file included from ../Src/controle.c:7:0:
../Src/controle.c: In function 'PID':
C:/Users/mateu/Desktop/Rufus/Rufus/Prog_RufusV1.0/Inc/controle.h:14:26: error: 'T' undeclared (first use in this function)
 #define Kd (Kd_Recebido)/T//valores do coeficiente derivativo (Kd) 2  1.425
                          ^
../Src/controle.c:54:21: note: in expansion of macro 'Kd'
  PID_valor= (Kp*P)+(Kd*D)+(Ki*I);
                     ^~
make: *** [Src/controle.o] Error 1
Src/subdir.mk:60: recipe for target 'Src/controle.o' failed
21:49:06 **** Incremental Build of configuration Debug for project Prog_RufusV1.0 ****
make all 
Building file: ../Src/controle.c
Invoking: MCU GCC Compiler
C:\Users\mateu\Desktop\Rufus\Rufus\Prog_RufusV1.0\Debug
arm-none-eabi-gcc -mcpu=cortex-m0 -mthumb -mfloat-abi=soft '-D__weak=__attribute__((weak))' '-D__packed=__attribute__((__packed__))' -DUSE_HAL_DRIVER -DSTM32F030x6 -I"C:/Users/mateu/Desktop/Rufus/Rufus/Prog_RufusV1.0/Inc" -I"C:/Users/mateu/Desktop/Rufus/Rufus/Prog_RufusV1.0/Drivers/STM32F0xx_HAL_Driver/Inc" -I"C:/Users/mateu/Desktop/Rufus/Rufus/Prog_RufusV1.0/Drivers/STM32F0xx_HAL_Driver/Inc/Legacy" -I"C:/Users/mateu/Desktop/Rufus/Rufus/Prog_RufusV1.0/Drivers/CMSIS/Device/ST/STM32F0xx/Include" -I"C:/Users/mateu/Desktop/Rufus/Rufus/Prog_RufusV1.0/Drivers/CMSIS/Include"  -Og -g3 -Wall -fmessage-length=0 -ffunction-sections -c -fmessage-length=0 -MMD -MP -MF"Src/controle.d" -MT"Src/controle.o" -o "Src/controle.o" "../Src/controle.c"
../Src/controle.c: In function 'moving_avarege':
../Src/controle.c:23:11: error: 'N' undeclared (first use in this function)
  int vals[N];
           ^
../Src/controle.c:23:11: note: each undeclared identifier is reported only once for each function it appears in
../Src/controle.c:23:6: warning: unused variable 'vals' [-Wunused-variable]
  int vals[N];
      ^~~~
In file included from ../Src/controle.c:7:0:
../Src/controle.c: In function 'PID':
C:/Users/mateu/Desktop/Rufus/Rufus/Prog_RufusV1.0/Inc/controle.h:14:26: error: 'T' undeclared (first use in this function)
 #define Kd (Kd_Recebido)/T//valores do coeficiente derivativo (Kd) 2  1.425
                          ^
../Src/controle.c:54:21: note: in expansion of macro 'Kd'
  PID_valor= (Kp*P)+(Kd*D)+(Ki*I);
                     ^~
Src/subdir.mk:60: recipe for target 'Src/controle.o' failed
make: *** [Src/controle.o] Error 1
21:49:12 **** Incremental Build of configuration Debug for project Prog_RufusV1.0 ****
make all 
Building file: ../Src/controle.c
Invoking: MCU GCC Compiler
C:\Users\mateu\Desktop\Rufus\Rufus\Prog_RufusV1.0\Debug
arm-none-eabi-gcc -mcpu=cortex-m0 -mthumb -mfloat-abi=soft '-D__weak=__attribute__((weak))' '-D__packed=__attribute__((__packed__))' -DUSE_HAL_DRIVER -DSTM32F030x6 -I"C:/Users/mateu/Desktop/Rufus/Rufus/Prog_RufusV1.0/Inc" -I"C:/Users/mateu/Desktop/Rufus/Rufus/Prog_RufusV1.0/Drivers/STM32F0xx_HAL_Driver/Inc" -I"C:/Users/mateu/Desktop/Rufus/Rufus/Prog_RufusV1.0/Drivers/STM32F0xx_HAL_Driver/Inc/Legacy" -I"C:/Users/mateu/Desktop/Rufus/Rufus/Prog_RufusV1.0/Drivers/CMSIS/Device/ST/STM32F0xx/Include" -I"C:/Users/mateu/Desktop/Rufus/Rufus/Prog_RufusV1.0/Drivers/CMSIS/Include"  -Og -g3 -Wall -fmessage-length=0 -ffunction-sections -c -fmessage-length=0 -MMD -MP -MF"Src/controle.d" -MT"Src/controle.o" -o "Src/controle.o" "../Src/controle.c"
../Src/controle.c: In function 'moving_avarege':
../Src/controle.c:23:11: error: 'N' undeclared (first use in this function)
  int vals[N];
           ^
../Src/controle.c:23:11: note: each undeclared identifier is reported only once for each function it appears in
../Src/controle.c:23:6: warning: unused variable 'vals' [-Wunused-variable]
  int vals[N];
      ^~~~
Src/subdir.mk:60: recipe for target 'Src/controle.o' failed
make: *** [Src/controle.o] Error 1
21:49:30 **** Incremental Build of configuration Debug for project Prog_RufusV1.0 ****
make all 
Building file: ../Src/controle.c
Invoking: MCU GCC Compiler
C:\Users\mateu\Desktop\Rufus\Rufus\Prog_RufusV1.0\Debug
arm-none-eabi-gcc -mcpu=cortex-m0 -mthumb -mfloat-abi=soft '-D__weak=__attribute__((weak))' '-D__packed=__attribute__((__packed__))' -DUSE_HAL_DRIVER -DSTM32F030x6 -I"C:/Users/mateu/Desktop/Rufus/Rufus/Prog_RufusV1.0/Inc" -I"C:/Users/mateu/Desktop/Rufus/Rufus/Prog_RufusV1.0/Drivers/STM32F0xx_HAL_Driver/Inc" -I"C:/Users/mateu/Desktop/Rufus/Rufus/Prog_RufusV1.0/Drivers/STM32F0xx_HAL_Driver/Inc/Legacy" -I"C:/Users/mateu/Desktop/Rufus/Rufus/Prog_RufusV1.0/Drivers/CMSIS/Device/ST/STM32F0xx/Include" -I"C:/Users/mateu/Desktop/Rufus/Rufus/Prog_RufusV1.0/Drivers/CMSIS/Include"  -Og -g3 -Wall -fmessage-length=0 -ffunction-sections -c -fmessage-length=0 -MMD -MP -MF"Src/controle.d" -MT"Src/controle.o" -o "Src/controle.o" "../Src/controle.c"
Finished building: ../Src/controle.c
 
Building file: ../Src/dma.c
Invoking: MCU GCC Compiler
C:\Users\mateu\Desktop\Rufus\Rufus\Prog_RufusV1.0\Debug
arm-none-eabi-gcc -mcpu=cortex-m0 -mthumb -mfloat-abi=soft '-D__weak=__attribute__((weak))' '-D__packed=__attribute__((__packed__))' -DUSE_HAL_DRIVER -DSTM32F030x6 -I"C:/Users/mateu/Desktop/Rufus/Rufus/Prog_RufusV1.0/Inc" -I"C:/Users/mateu/Desktop/Rufus/Rufus/Prog_RufusV1.0/Drivers/STM32F0xx_HAL_Driver/Inc" -I"C:/Users/mateu/Desktop/Rufus/Rufus/Prog_RufusV1.0/Drivers/STM32F0xx_HAL_Driver/Inc/Legacy" -I"C:/Users/mateu/Desktop/Rufus/Rufus/Prog_RufusV1.0/Drivers/CMSIS/Device/ST/STM32F0xx/Include" -I"C:/Users/mateu/Desktop/Rufus/Rufus/Prog_RufusV1.0/Drivers/CMSIS/Include"  -Og -g3 -Wall -fmessage-length=0 -ffunction-sections -c -fmessage-length=0 -MMD -MP -MF"Src/dma.d" -MT"Src/dma.o" -o "Src/dma.o" "../Src/dma.c"
Finished building: ../Src/dma.c
 
Building file: ../Src/drive_TB66.c
Invoking: MCU GCC Compiler
C:\Users\mateu\Desktop\Rufus\Rufus\Prog_RufusV1.0\Debug
arm-none-eabi-gcc -mcpu=cortex-m0 -mthumb -mfloat-abi=soft '-D__weak=__attribute__((weak))' '-D__packed=__attribute__((__packed__))' -DUSE_HAL_DRIVER -DSTM32F030x6 -I"C:/Users/mateu/Desktop/Rufus/Rufus/Prog_RufusV1.0/Inc" -I"C:/Users/mateu/Desktop/Rufus/Rufus/Prog_RufusV1.0/Drivers/STM32F0xx_HAL_Driver/Inc" -I"C:/Users/mateu/Desktop/Rufus/Rufus/Prog_RufusV1.0/Drivers/STM32F0xx_HAL_Driver/Inc/Legacy" -I"C:/Users/mateu/Desktop/Rufus/Rufus/Prog_RufusV1.0/Drivers/CMSIS/Device/ST/STM32F0xx/Include" -I"C:/Users/mateu/Desktop/Rufus/Rufus/Prog_RufusV1.0/Drivers/CMSIS/Include"  -Og -g3 -Wall -fmessage-length=0 -ffunction-sections -c -fmessage-length=0 -MMD -MP -MF"Src/drive_TB66.d" -MT"Src/drive_TB66.o" -o "Src/drive_TB66.o" "../Src/drive_TB66.c"
Finished building: ../Src/drive_TB66.c
 
Building file: ../Src/gpio.c
Invoking: MCU GCC Compiler
C:\Users\mateu\Desktop\Rufus\Rufus\Prog_RufusV1.0\Debug
arm-none-eabi-gcc -mcpu=cortex-m0 -mthumb -mfloat-abi=soft '-D__weak=__attribute__((weak))' '-D__packed=__attribute__((__packed__))' -DUSE_HAL_DRIVER -DSTM32F030x6 -I"C:/Users/mateu/Desktop/Rufus/Rufus/Prog_RufusV1.0/Inc" -I"C:/Users/mateu/Desktop/Rufus/Rufus/Prog_RufusV1.0/Drivers/STM32F0xx_HAL_Driver/Inc" -I"C:/Users/mateu/Desktop/Rufus/Rufus/Prog_RufusV1.0/Drivers/STM32F0xx_HAL_Driver/Inc/Legacy" -I"C:/Users/mateu/Desktop/Rufus/Rufus/Prog_RufusV1.0/Drivers/CMSIS/Device/ST/STM32F0xx/Include" -I"C:/Users/mateu/Desktop/Rufus/Rufus/Prog_RufusV1.0/Drivers/CMSIS/Include"  -Og -g3 -Wall -fmessage-length=0 -ffunction-sections -c -fmessage-length=0 -MMD -MP -MF"Src/gpio.d" -MT"Src/gpio.o" -o "Src/gpio.o" "../Src/gpio.c"
Finished building: ../Src/gpio.c
 
Building file: ../Src/i2c.c
Invoking: MCU GCC Compiler
C:\Users\mateu\Desktop\Rufus\Rufus\Prog_RufusV1.0\Debug
arm-none-eabi-gcc -mcpu=cortex-m0 -mthumb -mfloat-abi=soft '-D__weak=__attribute__((weak))' '-D__packed=__attribute__((__packed__))' -DUSE_HAL_DRIVER -DSTM32F030x6 -I"C:/Users/mateu/Desktop/Rufus/Rufus/Prog_RufusV1.0/Inc" -I"C:/Users/mateu/Desktop/Rufus/Rufus/Prog_RufusV1.0/Drivers/STM32F0xx_HAL_Driver/Inc" -I"C:/Users/mateu/Desktop/Rufus/Rufus/Prog_RufusV1.0/Drivers/STM32F0xx_HAL_Driver/Inc/Legacy" -I"C:/Users/mateu/Desktop/Rufus/Rufus/Prog_RufusV1.0/Drivers/CMSIS/Device/ST/STM32F0xx/Include" -I"C:/Users/mateu/Desktop/Rufus/Rufus/Prog_RufusV1.0/Drivers/CMSIS/Include"  -Og -g3 -Wall -fmessage-length=0 -ffunction-sections -c -fmessage-length=0 -MMD -MP -MF"Src/i2c.d" -MT"Src/i2c.o" -o "Src/i2c.o" "../Src/i2c.c"
Finished building: ../Src/i2c.c
 
Building file: ../Src/main.c
Invoking: MCU GCC Compiler
C:\Users\mateu\Desktop\Rufus\Rufus\Prog_RufusV1.0\Debug
arm-none-eabi-gcc -mcpu=cortex-m0 -mthumb -mfloat-abi=soft '-D__weak=__attribute__((weak))' '-D__packed=__attribute__((__packed__))' -DUSE_HAL_DRIVER -DSTM32F030x6 -I"C:/Users/mateu/Desktop/Rufus/Rufus/Prog_RufusV1.0/Inc" -I"C:/Users/mateu/Desktop/Rufus/Rufus/Prog_RufusV1.0/Drivers/STM32F0xx_HAL_Driver/Inc" -I"C:/Users/mateu/Desktop/Rufus/Rufus/Prog_RufusV1.0/Drivers/STM32F0xx_HAL_Driver/Inc/Legacy" -I"C:/Users/mateu/Desktop/Rufus/Rufus/Prog_RufusV1.0/Drivers/CMSIS/Device/ST/STM32F0xx/Include" -I"C:/Users/mateu/Desktop/Rufus/Rufus/Prog_RufusV1.0/Drivers/CMSIS/Include"  -Og -g3 -Wall -fmessage-length=0 -ffunction-sections -c -fmessage-length=0 -MMD -MP -MF"Src/main.d" -MT"Src/main.o" -o "Src/main.o" "../Src/main.c"
Finished building: ../Src/main.c
 
Building file: ../Src/scanner.c
Invoking: MCU GCC Compiler
C:\Users\mateu\Desktop\Rufus\Rufus\Prog_RufusV1.0\Debug
arm-none-eabi-gcc -mcpu=cortex-m0 -mthumb -mfloat-abi=soft '-D__weak=__attribute__((weak))' '-D__packed=__attribute__((__packed__))' -DUSE_HAL_DRIVER -DSTM32F030x6 -I"C:/Users/mateu/Desktop/Rufus/Rufus/Prog_RufusV1.0/Inc" -I"C:/Users/mateu/Desktop/Rufus/Rufus/Prog_RufusV1.0/Drivers/STM32F0xx_HAL_Driver/Inc" -I"C:/Users/mateu/Desktop/Rufus/Rufus/Prog_RufusV1.0/Drivers/STM32F0xx_HAL_Driver/Inc/Legacy" -I"C:/Users/mateu/Desktop/Rufus/Rufus/Prog_RufusV1.0/Drivers/CMSIS/Device/ST/STM32F0xx/Include" -I"C:/Users/mateu/Desktop/Rufus/Rufus/Prog_RufusV1.0/Drivers/CMSIS/Include"  -Og -g3 -Wall -fmessage-length=0 -ffunction-sections -c -fmessage-length=0 -MMD -MP -MF"Src/scanner.d" -MT"Src/scanner.o" -o "Src/scanner.o" "../Src/scanner.c"
Finished building: ../Src/scanner.c
 
Building file: ../Src/spi.c
Invoking: MCU GCC Compiler
C:\Users\mateu\Desktop\Rufus\Rufus\Prog_RufusV1.0\Debug
arm-none-eabi-gcc -mcpu=cortex-m0 -mthumb -mfloat-abi=soft '-D__weak=__attribute__((weak))' '-D__packed=__attribute__((__packed__))' -DUSE_HAL_DRIVER -DSTM32F030x6 -I"C:/Users/mateu/Desktop/Rufus/Rufus/Prog_RufusV1.0/Inc" -I"C:/Users/mateu/Desktop/Rufus/Rufus/Prog_RufusV1.0/Drivers/STM32F0xx_HAL_Driver/Inc" -I"C:/Users/mateu/Desktop/Rufus/Rufus/Prog_RufusV1.0/Drivers/STM32F0xx_HAL_Driver/Inc/Legacy" -I"C:/Users/mateu/Desktop/Rufus/Rufus/Prog_RufusV1.0/Drivers/CMSIS/Device/ST/STM32F0xx/Include" -I"C:/Users/mateu/Desktop/Rufus/Rufus/Prog_RufusV1.0/Drivers/CMSIS/Include"  -Og -g3 -Wall -fmessage-length=0 -ffunction-sections -c -fmessage-length=0 -MMD -MP -MF"Src/spi.d" -MT"Src/spi.o" -o "Src/spi.o" "../Src/spi.c"
Finished building: ../Src/spi.c
 
Building file: ../Src/stm32f0xx_hal_msp.c
Invoking: MCU GCC Compiler
C:\Users\mateu\Desktop\Rufus\Rufus\Prog_RufusV1.0\Debug
arm-none-eabi-gcc -mcpu=cortex-m0 -mthumb -mfloat-abi=soft '-D__weak=__attribute__((weak))' '-D__packed=__attribute__((__packed__))' -DUSE_HAL_DRIVER -DSTM32F030x6 -I"C:/Users/mateu/Desktop/Rufus/Rufus/Prog_RufusV1.0/Inc" -I"C:/Users/mateu/Desktop/Rufus/Rufus/Prog_RufusV1.0/Drivers/STM32F0xx_HAL_Driver/Inc" -I"C:/Users/mateu/Desktop/Rufus/Rufus/Prog_RufusV1.0/Drivers/STM32F0xx_HAL_Driver/Inc/Legacy" -I"C:/Users/mateu/Desktop/Rufus/Rufus/Prog_RufusV1.0/Drivers/CMSIS/Device/ST/STM32F0xx/Include" -I"C:/Users/mateu/Desktop/Rufus/Rufus/Prog_RufusV1.0/Drivers/CMSIS/Include"  -Og -g3 -Wall -fmessage-length=0 -ffunction-sections -c -fmessage-length=0 -MMD -MP -MF"Src/stm32f0xx_hal_msp.d" -MT"Src/stm32f0xx_hal_msp.o" -o "Src/stm32f0xx_hal_msp.o" "../Src/stm32f0xx_hal_msp.c"
Finished building: ../Src/stm32f0xx_hal_msp.c
 
Building file: ../Src/stm32f0xx_it.c
Invoking: MCU GCC Compiler
C:\Users\mateu\Desktop\Rufus\Rufus\Prog_RufusV1.0\Debug
arm-none-eabi-gcc -mcpu=cortex-m0 -mthumb -mfloat-abi=soft '-D__weak=__attribute__((weak))' '-D__packed=__attribute__((__packed__))' -DUSE_HAL_DRIVER -DSTM32F030x6 -I"C:/Users/mateu/Desktop/Rufus/Rufus/Prog_RufusV1.0/Inc" -I"C:/Users/mateu/Desktop/Rufus/Rufus/Prog_RufusV1.0/Drivers/STM32F0xx_HAL_Driver/Inc" -I"C:/Users/mateu/Desktop/Rufus/Rufus/Prog_RufusV1.0/Drivers/STM32F0xx_HAL_Driver/Inc/Legacy" -I"C:/Users/mateu/Desktop/Rufus/Rufus/Prog_RufusV1.0/Drivers/CMSIS/Device/ST/STM32F0xx/Include" -I"C:/Users/mateu/Desktop/Rufus/Rufus/Prog_RufusV1.0/Drivers/CMSIS/Include"  -Og -g3 -Wall -fmessage-length=0 -ffunction-sections -c -fmessage-length=0 -MMD -MP -MF"Src/stm32f0xx_it.d" -MT"Src/stm32f0xx_it.o" -o "Src/stm32f0xx_it.o" "../Src/stm32f0xx_it.c"
Finished building: ../Src/stm32f0xx_it.c
 
Building file: ../Src/syscalls.c
Invoking: MCU GCC Compiler
C:\Users\mateu\Desktop\Rufus\Rufus\Prog_RufusV1.0\Debug
arm-none-eabi-gcc -mcpu=cortex-m0 -mthumb -mfloat-abi=soft '-D__weak=__attribute__((weak))' '-D__packed=__attribute__((__packed__))' -DUSE_HAL_DRIVER -DSTM32F030x6 -I"C:/Users/mateu/Desktop/Rufus/Rufus/Prog_RufusV1.0/Inc" -I"C:/Users/mateu/Desktop/Rufus/Rufus/Prog_RufusV1.0/Drivers/STM32F0xx_HAL_Driver/Inc" -I"C:/Users/mateu/Desktop/Rufus/Rufus/Prog_RufusV1.0/Drivers/STM32F0xx_HAL_Driver/Inc/Legacy" -I"C:/Users/mateu/Desktop/Rufus/Rufus/Prog_RufusV1.0/Drivers/CMSIS/Device/ST/STM32F0xx/Include" -I"C:/Users/mateu/Desktop/Rufus/Rufus/Prog_RufusV1.0/Drivers/CMSIS/Include"  -Og -g3 -Wall -fmessage-length=0 -ffunction-sections -c -fmessage-length=0 -MMD -MP -MF"Src/syscalls.d" -MT"Src/syscalls.o" -o "Src/syscalls.o" "../Src/syscalls.c"
Finished building: ../Src/syscalls.c
 
Building file: ../Src/system_stm32f0xx.c
Invoking: MCU GCC Compiler
C:\Users\mateu\Desktop\Rufus\Rufus\Prog_RufusV1.0\Debug
arm-none-eabi-gcc -mcpu=cortex-m0 -mthumb -mfloat-abi=soft '-D__weak=__attribute__((weak))' '-D__packed=__attribute__((__packed__))' -DUSE_HAL_DRIVER -DSTM32F030x6 -I"C:/Users/mateu/Desktop/Rufus/Rufus/Prog_RufusV1.0/Inc" -I"C:/Users/mateu/Desktop/Rufus/Rufus/Prog_RufusV1.0/Drivers/STM32F0xx_HAL_Driver/Inc" -I"C:/Users/mateu/Desktop/Rufus/Rufus/Prog_RufusV1.0/Drivers/STM32F0xx_HAL_Driver/Inc/Legacy" -I"C:/Users/mateu/Desktop/Rufus/Rufus/Prog_RufusV1.0/Drivers/CMSIS/Device/ST/STM32F0xx/Include" -I"C:/Users/mateu/Desktop/Rufus/Rufus/Prog_RufusV1.0/Drivers/CMSIS/Include"  -Og -g3 -Wall -fmessage-length=0 -ffunction-sections -c -fmessage-length=0 -MMD -MP -MF"Src/system_stm32f0xx.d" -MT"Src/system_stm32f0xx.o" -o "Src/system_stm32f0xx.o" "../Src/system_stm32f0xx.c"
Finished building: ../Src/system_stm32f0xx.c
 
Building file: ../Src/tim.c
Invoking: MCU GCC Compiler
C:\Users\mateu\Desktop\Rufus\Rufus\Prog_RufusV1.0\Debug
arm-none-eabi-gcc -mcpu=cortex-m0 -mthumb -mfloat-abi=soft '-D__weak=__attribute__((weak))' '-D__packed=__attribute__((__packed__))' -DUSE_HAL_DRIVER -DSTM32F030x6 -I"C:/Users/mateu/Desktop/Rufus/Rufus/Prog_RufusV1.0/Inc" -I"C:/Users/mateu/Desktop/Rufus/Rufus/Prog_RufusV1.0/Drivers/STM32F0xx_HAL_Driver/Inc" -I"C:/Users/mateu/Desktop/Rufus/Rufus/Prog_RufusV1.0/Drivers/STM32F0xx_HAL_Driver/Inc/Legacy" -I"C:/Users/mateu/Desktop/Rufus/Rufus/Prog_RufusV1.0/Drivers/CMSIS/Device/ST/STM32F0xx/Include" -I"C:/Users/mateu/Desktop/Rufus/Rufus/Prog_RufusV1.0/Drivers/CMSIS/Include"  -Og -g3 -Wall -fmessage-length=0 -ffunction-sections -c -fmessage-length=0 -MMD -MP -MF"Src/tim.d" -MT"Src/tim.o" -o "Src/tim.o" "../Src/tim.c"
Finished building: ../Src/tim.c
 
Building file: ../Src/usart.c
Invoking: MCU GCC Compiler
C:\Users\mateu\Desktop\Rufus\Rufus\Prog_RufusV1.0\Debug
arm-none-eabi-gcc -mcpu=cortex-m0 -mthumb -mfloat-abi=soft '-D__weak=__attribute__((weak))' '-D__packed=__attribute__((__packed__))' -DUSE_HAL_DRIVER -DSTM32F030x6 -I"C:/Users/mateu/Desktop/Rufus/Rufus/Prog_RufusV1.0/Inc" -I"C:/Users/mateu/Desktop/Rufus/Rufus/Prog_RufusV1.0/Drivers/STM32F0xx_HAL_Driver/Inc" -I"C:/Users/mateu/Desktop/Rufus/Rufus/Prog_RufusV1.0/Drivers/STM32F0xx_HAL_Driver/Inc/Legacy" -I"C:/Users/mateu/Desktop/Rufus/Rufus/Prog_RufusV1.0/Drivers/CMSIS/Device/ST/STM32F0xx/Include" -I"C:/Users/mateu/Desktop/Rufus/Rufus/Prog_RufusV1.0/Drivers/CMSIS/Include"  -Og -g3 -Wall -fmessage-length=0 -ffunction-sections -c -fmessage-length=0 -MMD -MP -MF"Src/usart.d" -MT"Src/usart.o" -o "Src/usart.o" "../Src/usart.c"
Finished building: ../Src/usart.c
 
Building file: ../Drivers/STM32F0xx_HAL_Driver/Src/stm32f0xx_hal.c
Invoking: MCU GCC Compiler
C:\Users\mateu\Desktop\Rufus\Rufus\Prog_RufusV1.0\Debug
arm-none-eabi-gcc -mcpu=cortex-m0 -mthumb -mfloat-abi=soft '-D__weak=__attribute__((weak))' '-D__packed=__attribute__((__packed__))' -DUSE_HAL_DRIVER -DSTM32F030x6 -I"C:/Users/mateu/Desktop/Rufus/Rufus/Prog_RufusV1.0/Inc" -I"C:/Users/mateu/Desktop/Rufus/Rufus/Prog_RufusV1.0/Drivers/STM32F0xx_HAL_Driver/Inc" -I"C:/Users/mateu/Desktop/Rufus/Rufus/Prog_RufusV1.0/Drivers/STM32F0xx_HAL_Driver/Inc/Legacy" -I"C:/Users/mateu/Desktop/Rufus/Rufus/Prog_RufusV1.0/Drivers/CMSIS/Device/ST/STM32F0xx/Include" -I"C:/Users/mateu/Desktop/Rufus/Rufus/Prog_RufusV1.0/Drivers/CMSIS/Include"  -Og -g3 -Wall -fmessage-length=0 -ffunction-sections -c -fmessage-length=0 -MMD -MP -MF"Drivers/STM32F0xx_HAL_Driver/Src/stm32f0xx_hal.d" -MT"Drivers/STM32F0xx_HAL_Driver/Src/stm32f0xx_hal.o" -o "Drivers/STM32F0xx_HAL_Driver/Src/stm32f0xx_hal.o" "../Drivers/STM32F0xx_HAL_Driver/Src/stm32f0xx_hal.c"
Finished building: ../Drivers/STM32F0xx_HAL_Driver/Src/stm32f0xx_hal.c
 
Building file: ../Drivers/STM32F0xx_HAL_Driver/Src/stm32f0xx_hal_adc.c
Invoking: MCU GCC Compiler
C:\Users\mateu\Desktop\Rufus\Rufus\Prog_RufusV1.0\Debug
arm-none-eabi-gcc -mcpu=cortex-m0 -mthumb -mfloat-abi=soft '-D__weak=__attribute__((weak))' '-D__packed=__attribute__((__packed__))' -DUSE_HAL_DRIVER -DSTM32F030x6 -I"C:/Users/mateu/Desktop/Rufus/Rufus/Prog_RufusV1.0/Inc" -I"C:/Users/mateu/Desktop/Rufus/Rufus/Prog_RufusV1.0/Drivers/STM32F0xx_HAL_Driver/Inc" -I"C:/Users/mateu/Desktop/Rufus/Rufus/Prog_RufusV1.0/Drivers/STM32F0xx_HAL_Driver/Inc/Legacy" -I"C:/Users/mateu/Desktop/Rufus/Rufus/Prog_RufusV1.0/Drivers/CMSIS/Device/ST/STM32F0xx/Include" -I"C:/Users/mateu/Desktop/Rufus/Rufus/Prog_RufusV1.0/Drivers/CMSIS/Include"  -Og -g3 -Wall -fmessage-length=0 -ffunction-sections -c -fmessage-length=0 -MMD -MP -MF"Drivers/STM32F0xx_HAL_Driver/Src/stm32f0xx_hal_adc.d" -MT"Drivers/STM32F0xx_HAL_Driver/Src/stm32f0xx_hal_adc.o" -o "Drivers/STM32F0xx_HAL_Driver/Src/stm32f0xx_hal_adc.o" "../Drivers/STM32F0xx_HAL_Driver/Src/stm32f0xx_hal_adc.c"
Finished building: ../Drivers/STM32F0xx_HAL_Driver/Src/stm32f0xx_hal_adc.c
 
Building file: ../Drivers/STM32F0xx_HAL_Driver/Src/stm32f0xx_hal_adc_ex.c
Invoking: MCU GCC Compiler
C:\Users\mateu\Desktop\Rufus\Rufus\Prog_RufusV1.0\Debug
arm-none-eabi-gcc -mcpu=cortex-m0 -mthumb -mfloat-abi=soft '-D__weak=__attribute__((weak))' '-D__packed=__attribute__((__packed__))' -DUSE_HAL_DRIVER -DSTM32F030x6 -I"C:/Users/mateu/Desktop/Rufus/Rufus/Prog_RufusV1.0/Inc" -I"C:/Users/mateu/Desktop/Rufus/Rufus/Prog_RufusV1.0/Drivers/STM32F0xx_HAL_Driver/Inc" -I"C:/Users/mateu/Desktop/Rufus/Rufus/Prog_RufusV1.0/Drivers/STM32F0xx_HAL_Driver/Inc/Legacy" -I"C:/Users/mateu/Desktop/Rufus/Rufus/Prog_RufusV1.0/Drivers/CMSIS/Device/ST/STM32F0xx/Include" -I"C:/Users/mateu/Desktop/Rufus/Rufus/Prog_RufusV1.0/Drivers/CMSIS/Include"  -Og -g3 -Wall -fmessage-length=0 -ffunction-sections -c -fmessage-length=0 -MMD -MP -MF"Drivers/STM32F0xx_HAL_Driver/Src/stm32f0xx_hal_adc_ex.d" -MT"Drivers/STM32F0xx_HAL_Driver/Src/stm32f0xx_hal_adc_ex.o" -o "Drivers/STM32F0xx_HAL_Driver/Src/stm32f0xx_hal_adc_ex.o" "../Drivers/STM32F0xx_HAL_Driver/Src/stm32f0xx_hal_adc_ex.c"
Finished building: ../Drivers/STM32F0xx_HAL_Driver/Src/stm32f0xx_hal_adc_ex.c
 
Building file: ../Drivers/STM32F0xx_HAL_Driver/Src/stm32f0xx_hal_cortex.c
Invoking: MCU GCC Compiler
C:\Users\mateu\Desktop\Rufus\Rufus\Prog_RufusV1.0\Debug
arm-none-eabi-gcc -mcpu=cortex-m0 -mthumb -mfloat-abi=soft '-D__weak=__attribute__((weak))' '-D__packed=__attribute__((__packed__))' -DUSE_HAL_DRIVER -DSTM32F030x6 -I"C:/Users/mateu/Desktop/Rufus/Rufus/Prog_RufusV1.0/Inc" -I"C:/Users/mateu/Desktop/Rufus/Rufus/Prog_RufusV1.0/Drivers/STM32F0xx_HAL_Driver/Inc" -I"C:/Users/mateu/Desktop/Rufus/Rufus/Prog_RufusV1.0/Drivers/STM32F0xx_HAL_Driver/Inc/Legacy" -I"C:/Users/mateu/Desktop/Rufus/Rufus/Prog_RufusV1.0/Drivers/CMSIS/Device/ST/STM32F0xx/Include" -I"C:/Users/mateu/Desktop/Rufus/Rufus/Prog_RufusV1.0/Drivers/CMSIS/Include"  -Og -g3 -Wall -fmessage-length=0 -ffunction-sections -c -fmessage-length=0 -MMD -MP -MF"Drivers/STM32F0xx_HAL_Driver/Src/stm32f0xx_hal_cortex.d" -MT"Drivers/STM32F0xx_HAL_Driver/Src/stm32f0xx_hal_cortex.o" -o "Drivers/STM32F0xx_HAL_Driver/Src/stm32f0xx_hal_cortex.o" "../Drivers/STM32F0xx_HAL_Driver/Src/stm32f0xx_hal_cortex.c"
Finished building: ../Drivers/STM32F0xx_HAL_Driver/Src/stm32f0xx_hal_cortex.c
 
Building file: ../Drivers/STM32F0xx_HAL_Driver/Src/stm32f0xx_hal_dma.c
Invoking: MCU GCC Compiler
C:\Users\mateu\Desktop\Rufus\Rufus\Prog_RufusV1.0\Debug
arm-none-eabi-gcc -mcpu=cortex-m0 -mthumb -mfloat-abi=soft '-D__weak=__attribute__((weak))' '-D__packed=__attribute__((__packed__))' -DUSE_HAL_DRIVER -DSTM32F030x6 -I"C:/Users/mateu/Desktop/Rufus/Rufus/Prog_RufusV1.0/Inc" -I"C:/Users/mateu/Desktop/Rufus/Rufus/Prog_RufusV1.0/Drivers/STM32F0xx_HAL_Driver/Inc" -I"C:/Users/mateu/Desktop/Rufus/Rufus/Prog_RufusV1.0/Drivers/STM32F0xx_HAL_Driver/Inc/Legacy" -I"C:/Users/mateu/Desktop/Rufus/Rufus/Prog_RufusV1.0/Drivers/CMSIS/Device/ST/STM32F0xx/Include" -I"C:/Users/mateu/Desktop/Rufus/Rufus/Prog_RufusV1.0/Drivers/CMSIS/Include"  -Og -g3 -Wall -fmessage-length=0 -ffunction-sections -c -fmessage-length=0 -MMD -MP -MF"Drivers/STM32F0xx_HAL_Driver/Src/stm32f0xx_hal_dma.d" -MT"Drivers/STM32F0xx_HAL_Driver/Src/stm32f0xx_hal_dma.o" -o "Drivers/STM32F0xx_HAL_Driver/Src/stm32f0xx_hal_dma.o" "../Drivers/STM32F0xx_HAL_Driver/Src/stm32f0xx_hal_dma.c"
Finished building: ../Drivers/STM32F0xx_HAL_Driver/Src/stm32f0xx_hal_dma.c
 
Building file: ../Drivers/STM32F0xx_HAL_Driver/Src/stm32f0xx_hal_flash.c
Invoking: MCU GCC Compiler
C:\Users\mateu\Desktop\Rufus\Rufus\Prog_RufusV1.0\Debug
arm-none-eabi-gcc -mcpu=cortex-m0 -mthumb -mfloat-abi=soft '-D__weak=__attribute__((weak))' '-D__packed=__attribute__((__packed__))' -DUSE_HAL_DRIVER -DSTM32F030x6 -I"C:/Users/mateu/Desktop/Rufus/Rufus/Prog_RufusV1.0/Inc" -I"C:/Users/mateu/Desktop/Rufus/Rufus/Prog_RufusV1.0/Drivers/STM32F0xx_HAL_Driver/Inc" -I"C:/Users/mateu/Desktop/Rufus/Rufus/Prog_RufusV1.0/Drivers/STM32F0xx_HAL_Driver/Inc/Legacy" -I"C:/Users/mateu/Desktop/Rufus/Rufus/Prog_RufusV1.0/Drivers/CMSIS/Device/ST/STM32F0xx/Include" -I"C:/Users/mateu/Desktop/Rufus/Rufus/Prog_RufusV1.0/Drivers/CMSIS/Include"  -Og -g3 -Wall -fmessage-length=0 -ffunction-sections -c -fmessage-length=0 -MMD -MP -MF"Drivers/STM32F0xx_HAL_Driver/Src/stm32f0xx_hal_flash.d" -MT"Drivers/STM32F0xx_HAL_Driver/Src/stm32f0xx_hal_flash.o" -o "Drivers/STM32F0xx_HAL_Driver/Src/stm32f0xx_hal_flash.o" "../Drivers/STM32F0xx_HAL_Driver/Src/stm32f0xx_hal_flash.c"
Finished building: ../Drivers/STM32F0xx_HAL_Driver/Src/stm32f0xx_hal_flash.c
 
Building file: ../Drivers/STM32F0xx_HAL_Driver/Src/stm32f0xx_hal_flash_ex.c
Invoking: MCU GCC Compiler
C:\Users\mateu\Desktop\Rufus\Rufus\Prog_RufusV1.0\Debug
arm-none-eabi-gcc -mcpu=cortex-m0 -mthumb -mfloat-abi=soft '-D__weak=__attribute__((weak))' '-D__packed=__attribute__((__packed__))' -DUSE_HAL_DRIVER -DSTM32F030x6 -I"C:/Users/mateu/Desktop/Rufus/Rufus/Prog_RufusV1.0/Inc" -I"C:/Users/mateu/Desktop/Rufus/Rufus/Prog_RufusV1.0/Drivers/STM32F0xx_HAL_Driver/Inc" -I"C:/Users/mateu/Desktop/Rufus/Rufus/Prog_RufusV1.0/Drivers/STM32F0xx_HAL_Driver/Inc/Legacy" -I"C:/Users/mateu/Desktop/Rufus/Rufus/Prog_RufusV1.0/Drivers/CMSIS/Device/ST/STM32F0xx/Include" -I"C:/Users/mateu/Desktop/Rufus/Rufus/Prog_RufusV1.0/Drivers/CMSIS/Include"  -Og -g3 -Wall -fmessage-length=0 -ffunction-sections -c -fmessage-length=0 -MMD -MP -MF"Drivers/STM32F0xx_HAL_Driver/Src/stm32f0xx_hal_flash_ex.d" -MT"Drivers/STM32F0xx_HAL_Driver/Src/stm32f0xx_hal_flash_ex.o" -o "Drivers/STM32F0xx_HAL_Driver/Src/stm32f0xx_hal_flash_ex.o" "../Drivers/STM32F0xx_HAL_Driver/Src/stm32f0xx_hal_flash_ex.c"
Finished building: ../Drivers/STM32F0xx_HAL_Driver/Src/stm32f0xx_hal_flash_ex.c
 
Building file: ../Drivers/STM32F0xx_HAL_Driver/Src/stm32f0xx_hal_gpio.c
Invoking: MCU GCC Compiler
C:\Users\mateu\Desktop\Rufus\Rufus\Prog_RufusV1.0\Debug
arm-none-eabi-gcc -mcpu=cortex-m0 -mthumb -mfloat-abi=soft '-D__weak=__attribute__((weak))' '-D__packed=__attribute__((__packed__))' -DUSE_HAL_DRIVER -DSTM32F030x6 -I"C:/Users/mateu/Desktop/Rufus/Rufus/Prog_RufusV1.0/Inc" -I"C:/Users/mateu/Desktop/Rufus/Rufus/Prog_RufusV1.0/Drivers/STM32F0xx_HAL_Driver/Inc" -I"C:/Users/mateu/Desktop/Rufus/Rufus/Prog_RufusV1.0/Drivers/STM32F0xx_HAL_Driver/Inc/Legacy" -I"C:/Users/mateu/Desktop/Rufus/Rufus/Prog_RufusV1.0/Drivers/CMSIS/Device/ST/STM32F0xx/Include" -I"C:/Users/mateu/Desktop/Rufus/Rufus/Prog_RufusV1.0/Drivers/CMSIS/Include"  -Og -g3 -Wall -fmessage-length=0 -ffunction-sections -c -fmessage-length=0 -MMD -MP -MF"Drivers/STM32F0xx_HAL_Driver/Src/stm32f0xx_hal_gpio.d" -MT"Drivers/STM32F0xx_HAL_Driver/Src/stm32f0xx_hal_gpio.o" -o "Drivers/STM32F0xx_HAL_Driver/Src/stm32f0xx_hal_gpio.o" "../Drivers/STM32F0xx_HAL_Driver/Src/stm32f0xx_hal_gpio.c"
Finished building: ../Drivers/STM32F0xx_HAL_Driver/Src/stm32f0xx_hal_gpio.c
 
Building file: ../Drivers/STM32F0xx_HAL_Driver/Src/stm32f0xx_hal_i2c.c
Invoking: MCU GCC Compiler
C:\Users\mateu\Desktop\Rufus\Rufus\Prog_RufusV1.0\Debug
arm-none-eabi-gcc -mcpu=cortex-m0 -mthumb -mfloat-abi=soft '-D__weak=__attribute__((weak))' '-D__packed=__attribute__((__packed__))' -DUSE_HAL_DRIVER -DSTM32F030x6 -I"C:/Users/mateu/Desktop/Rufus/Rufus/Prog_RufusV1.0/Inc" -I"C:/Users/mateu/Desktop/Rufus/Rufus/Prog_RufusV1.0/Drivers/STM32F0xx_HAL_Driver/Inc" -I"C:/Users/mateu/Desktop/Rufus/Rufus/Prog_RufusV1.0/Drivers/STM32F0xx_HAL_Driver/Inc/Legacy" -I"C:/Users/mateu/Desktop/Rufus/Rufus/Prog_RufusV1.0/Drivers/CMSIS/Device/ST/STM32F0xx/Include" -I"C:/Users/mateu/Desktop/Rufus/Rufus/Prog_RufusV1.0/Drivers/CMSIS/Include"  -Og -g3 -Wall -fmessage-length=0 -ffunction-sections -c -fmessage-length=0 -MMD -MP -MF"Drivers/STM32F0xx_HAL_Driver/Src/stm32f0xx_hal_i2c.d" -MT"Drivers/STM32F0xx_HAL_Driver/Src/stm32f0xx_hal_i2c.o" -o "Drivers/STM32F0xx_HAL_Driver/Src/stm32f0xx_hal_i2c.o" "../Drivers/STM32F0xx_HAL_Driver/Src/stm32f0xx_hal_i2c.c"
Finished building: ../Drivers/STM32F0xx_HAL_Driver/Src/stm32f0xx_hal_i2c.c
 
Building file: ../Drivers/STM32F0xx_HAL_Driver/Src/stm32f0xx_hal_i2c_ex.c
Invoking: MCU GCC Compiler
C:\Users\mateu\Desktop\Rufus\Rufus\Prog_RufusV1.0\Debug
arm-none-eabi-gcc -mcpu=cortex-m0 -mthumb -mfloat-abi=soft '-D__weak=__attribute__((weak))' '-D__packed=__attribute__((__packed__))' -DUSE_HAL_DRIVER -DSTM32F030x6 -I"C:/Users/mateu/Desktop/Rufus/Rufus/Prog_RufusV1.0/Inc" -I"C:/Users/mateu/Desktop/Rufus/Rufus/Prog_RufusV1.0/Drivers/STM32F0xx_HAL_Driver/Inc" -I"C:/Users/mateu/Desktop/Rufus/Rufus/Prog_RufusV1.0/Drivers/STM32F0xx_HAL_Driver/Inc/Legacy" -I"C:/Users/mateu/Desktop/Rufus/Rufus/Prog_RufusV1.0/Drivers/CMSIS/Device/ST/STM32F0xx/Include" -I"C:/Users/mateu/Desktop/Rufus/Rufus/Prog_RufusV1.0/Drivers/CMSIS/Include"  -Og -g3 -Wall -fmessage-length=0 -ffunction-sections -c -fmessage-length=0 -MMD -MP -MF"Drivers/STM32F0xx_HAL_Driver/Src/stm32f0xx_hal_i2c_ex.d" -MT"Drivers/STM32F0xx_HAL_Driver/Src/stm32f0xx_hal_i2c_ex.o" -o "Drivers/STM32F0xx_HAL_Driver/Src/stm32f0xx_hal_i2c_ex.o" "../Drivers/STM32F0xx_HAL_Driver/Src/stm32f0xx_hal_i2c_ex.c"
Finished building: ../Drivers/STM32F0xx_HAL_Driver/Src/stm32f0xx_hal_i2c_ex.c
 
Building file: ../Drivers/STM32F0xx_HAL_Driver/Src/stm32f0xx_hal_pwr.c
Invoking: MCU GCC Compiler
C:\Users\mateu\Desktop\Rufus\Rufus\Prog_RufusV1.0\Debug
arm-none-eabi-gcc -mcpu=cortex-m0 -mthumb -mfloat-abi=soft '-D__weak=__attribute__((weak))' '-D__packed=__attribute__((__packed__))' -DUSE_HAL_DRIVER -DSTM32F030x6 -I"C:/Users/mateu/Desktop/Rufus/Rufus/Prog_RufusV1.0/Inc" -I"C:/Users/mateu/Desktop/Rufus/Rufus/Prog_RufusV1.0/Drivers/STM32F0xx_HAL_Driver/Inc" -I"C:/Users/mateu/Desktop/Rufus/Rufus/Prog_RufusV1.0/Drivers/STM32F0xx_HAL_Driver/Inc/Legacy" -I"C:/Users/mateu/Desktop/Rufus/Rufus/Prog_RufusV1.0/Drivers/CMSIS/Device/ST/STM32F0xx/Include" -I"C:/Users/mateu/Desktop/Rufus/Rufus/Prog_RufusV1.0/Drivers/CMSIS/Include"  -Og -g3 -Wall -fmessage-length=0 -ffunction-sections -c -fmessage-length=0 -MMD -MP -MF"Drivers/STM32F0xx_HAL_Driver/Src/stm32f0xx_hal_pwr.d" -MT"Drivers/STM32F0xx_HAL_Driver/Src/stm32f0xx_hal_pwr.o" -o "Drivers/STM32F0xx_HAL_Driver/Src/stm32f0xx_hal_pwr.o" "../Drivers/STM32F0xx_HAL_Driver/Src/stm32f0xx_hal_pwr.c"
Finished building: ../Drivers/STM32F0xx_HAL_Driver/Src/stm32f0xx_hal_pwr.c
 
Building file: ../Drivers/STM32F0xx_HAL_Driver/Src/stm32f0xx_hal_pwr_ex.c
Invoking: MCU GCC Compiler
C:\Users\mateu\Desktop\Rufus\Rufus\Prog_RufusV1.0\Debug
arm-none-eabi-gcc -mcpu=cortex-m0 -mthumb -mfloat-abi=soft '-D__weak=__attribute__((weak))' '-D__packed=__attribute__((__packed__))' -DUSE_HAL_DRIVER -DSTM32F030x6 -I"C:/Users/mateu/Desktop/Rufus/Rufus/Prog_RufusV1.0/Inc" -I"C:/Users/mateu/Desktop/Rufus/Rufus/Prog_RufusV1.0/Drivers/STM32F0xx_HAL_Driver/Inc" -I"C:/Users/mateu/Desktop/Rufus/Rufus/Prog_RufusV1.0/Drivers/STM32F0xx_HAL_Driver/Inc/Legacy" -I"C:/Users/mateu/Desktop/Rufus/Rufus/Prog_RufusV1.0/Drivers/CMSIS/Device/ST/STM32F0xx/Include" -I"C:/Users/mateu/Desktop/Rufus/Rufus/Prog_RufusV1.0/Drivers/CMSIS/Include"  -Og -g3 -Wall -fmessage-length=0 -ffunction-sections -c -fmessage-length=0 -MMD -MP -MF"Drivers/STM32F0xx_HAL_Driver/Src/stm32f0xx_hal_pwr_ex.d" -MT"Drivers/STM32F0xx_HAL_Driver/Src/stm32f0xx_hal_pwr_ex.o" -o "Drivers/STM32F0xx_HAL_Driver/Src/stm32f0xx_hal_pwr_ex.o" "../Drivers/STM32F0xx_HAL_Driver/Src/stm32f0xx_hal_pwr_ex.c"
Finished building: ../Drivers/STM32F0xx_HAL_Driver/Src/stm32f0xx_hal_pwr_ex.c
 
Building file: ../Drivers/STM32F0xx_HAL_Driver/Src/stm32f0xx_hal_rcc.c
Invoking: MCU GCC Compiler
C:\Users\mateu\Desktop\Rufus\Rufus\Prog_RufusV1.0\Debug
arm-none-eabi-gcc -mcpu=cortex-m0 -mthumb -mfloat-abi=soft '-D__weak=__attribute__((weak))' '-D__packed=__attribute__((__packed__))' -DUSE_HAL_DRIVER -DSTM32F030x6 -I"C:/Users/mateu/Desktop/Rufus/Rufus/Prog_RufusV1.0/Inc" -I"C:/Users/mateu/Desktop/Rufus/Rufus/Prog_RufusV1.0/Drivers/STM32F0xx_HAL_Driver/Inc" -I"C:/Users/mateu/Desktop/Rufus/Rufus/Prog_RufusV1.0/Drivers/STM32F0xx_HAL_Driver/Inc/Legacy" -I"C:/Users/mateu/Desktop/Rufus/Rufus/Prog_RufusV1.0/Drivers/CMSIS/Device/ST/STM32F0xx/Include" -I"C:/Users/mateu/Desktop/Rufus/Rufus/Prog_RufusV1.0/Drivers/CMSIS/Include"  -Og -g3 -Wall -fmessage-length=0 -ffunction-sections -c -fmessage-length=0 -MMD -MP -MF"Drivers/STM32F0xx_HAL_Driver/Src/stm32f0xx_hal_rcc.d" -MT"Drivers/STM32F0xx_HAL_Driver/Src/stm32f0xx_hal_rcc.o" -o "Drivers/STM32F0xx_HAL_Driver/Src/stm32f0xx_hal_rcc.o" "../Drivers/STM32F0xx_HAL_Driver/Src/stm32f0xx_hal_rcc.c"
Finished building: ../Drivers/STM32F0xx_HAL_Driver/Src/stm32f0xx_hal_rcc.c
 
Building file: ../Drivers/STM32F0xx_HAL_Driver/Src/stm32f0xx_hal_rcc_ex.c
Invoking: MCU GCC Compiler
C:\Users\mateu\Desktop\Rufus\Rufus\Prog_RufusV1.0\Debug
arm-none-eabi-gcc -mcpu=cortex-m0 -mthumb -mfloat-abi=soft '-D__weak=__attribute__((weak))' '-D__packed=__attribute__((__packed__))' -DUSE_HAL_DRIVER -DSTM32F030x6 -I"C:/Users/mateu/Desktop/Rufus/Rufus/Prog_RufusV1.0/Inc" -I"C:/Users/mateu/Desktop/Rufus/Rufus/Prog_RufusV1.0/Drivers/STM32F0xx_HAL_Driver/Inc" -I"C:/Users/mateu/Desktop/Rufus/Rufus/Prog_RufusV1.0/Drivers/STM32F0xx_HAL_Driver/Inc/Legacy" -I"C:/Users/mateu/Desktop/Rufus/Rufus/Prog_RufusV1.0/Drivers/CMSIS/Device/ST/STM32F0xx/Include" -I"C:/Users/mateu/Desktop/Rufus/Rufus/Prog_RufusV1.0/Drivers/CMSIS/Include"  -Og -g3 -Wall -fmessage-length=0 -ffunction-sections -c -fmessage-length=0 -MMD -MP -MF"Drivers/STM32F0xx_HAL_Driver/Src/stm32f0xx_hal_rcc_ex.d" -MT"Drivers/STM32F0xx_HAL_Driver/Src/stm32f0xx_hal_rcc_ex.o" -o "Drivers/STM32F0xx_HAL_Driver/Src/stm32f0xx_hal_rcc_ex.o" "../Drivers/STM32F0xx_HAL_Driver/Src/stm32f0xx_hal_rcc_ex.c"
Finished building: ../Drivers/STM32F0xx_HAL_Driver/Src/stm32f0xx_hal_rcc_ex.c
 
Building file: ../Drivers/STM32F0xx_HAL_Driver/Src/stm32f0xx_hal_spi.c
Invoking: MCU GCC Compiler
C:\Users\mateu\Desktop\Rufus\Rufus\Prog_RufusV1.0\Debug
arm-none-eabi-gcc -mcpu=cortex-m0 -mthumb -mfloat-abi=soft '-D__weak=__attribute__((weak))' '-D__packed=__attribute__((__packed__))' -DUSE_HAL_DRIVER -DSTM32F030x6 -I"C:/Users/mateu/Desktop/Rufus/Rufus/Prog_RufusV1.0/Inc" -I"C:/Users/mateu/Desktop/Rufus/Rufus/Prog_RufusV1.0/Drivers/STM32F0xx_HAL_Driver/Inc" -I"C:/Users/mateu/Desktop/Rufus/Rufus/Prog_RufusV1.0/Drivers/STM32F0xx_HAL_Driver/Inc/Legacy" -I"C:/Users/mateu/Desktop/Rufus/Rufus/Prog_RufusV1.0/Drivers/CMSIS/Device/ST/STM32F0xx/Include" -I"C:/Users/mateu/Desktop/Rufus/Rufus/Prog_RufusV1.0/Drivers/CMSIS/Include"  -Og -g3 -Wall -fmessage-length=0 -ffunction-sections -c -fmessage-length=0 -MMD -MP -MF"Drivers/STM32F0xx_HAL_Driver/Src/stm32f0xx_hal_spi.d" -MT"Drivers/STM32F0xx_HAL_Driver/Src/stm32f0xx_hal_spi.o" -o "Drivers/STM32F0xx_HAL_Driver/Src/stm32f0xx_hal_spi.o" "../Drivers/STM32F0xx_HAL_Driver/Src/stm32f0xx_hal_spi.c"
Finished building: ../Drivers/STM32F0xx_HAL_Driver/Src/stm32f0xx_hal_spi.c
 
Building file: ../Drivers/STM32F0xx_HAL_Driver/Src/stm32f0xx_hal_spi_ex.c
Invoking: MCU GCC Compiler
C:\Users\mateu\Desktop\Rufus\Rufus\Prog_RufusV1.0\Debug
arm-none-eabi-gcc -mcpu=cortex-m0 -mthumb -mfloat-abi=soft '-D__weak=__attribute__((weak))' '-D__packed=__attribute__((__packed__))' -DUSE_HAL_DRIVER -DSTM32F030x6 -I"C:/Users/mateu/Desktop/Rufus/Rufus/Prog_RufusV1.0/Inc" -I"C:/Users/mateu/Desktop/Rufus/Rufus/Prog_RufusV1.0/Drivers/STM32F0xx_HAL_Driver/Inc" -I"C:/Users/mateu/Desktop/Rufus/Rufus/Prog_RufusV1.0/Drivers/STM32F0xx_HAL_Driver/Inc/Legacy" -I"C:/Users/mateu/Desktop/Rufus/Rufus/Prog_RufusV1.0/Drivers/CMSIS/Device/ST/STM32F0xx/Include" -I"C:/Users/mateu/Desktop/Rufus/Rufus/Prog_RufusV1.0/Drivers/CMSIS/Include"  -Og -g3 -Wall -fmessage-length=0 -ffunction-sections -c -fmessage-length=0 -MMD -MP -MF"Drivers/STM32F0xx_HAL_Driver/Src/stm32f0xx_hal_spi_ex.d" -MT"Drivers/STM32F0xx_HAL_Driver/Src/stm32f0xx_hal_spi_ex.o" -o "Drivers/STM32F0xx_HAL_Driver/Src/stm32f0xx_hal_spi_ex.o" "../Drivers/STM32F0xx_HAL_Driver/Src/stm32f0xx_hal_spi_ex.c"
Finished building: ../Drivers/STM32F0xx_HAL_Driver/Src/stm32f0xx_hal_spi_ex.c
 
Building file: ../Drivers/STM32F0xx_HAL_Driver/Src/stm32f0xx_hal_tim.c
Invoking: MCU GCC Compiler
C:\Users\mateu\Desktop\Rufus\Rufus\Prog_RufusV1.0\Debug
arm-none-eabi-gcc -mcpu=cortex-m0 -mthumb -mfloat-abi=soft '-D__weak=__attribute__((weak))' '-D__packed=__attribute__((__packed__))' -DUSE_HAL_DRIVER -DSTM32F030x6 -I"C:/Users/mateu/Desktop/Rufus/Rufus/Prog_RufusV1.0/Inc" -I"C:/Users/mateu/Desktop/Rufus/Rufus/Prog_RufusV1.0/Drivers/STM32F0xx_HAL_Driver/Inc" -I"C:/Users/mateu/Desktop/Rufus/Rufus/Prog_RufusV1.0/Drivers/STM32F0xx_HAL_Driver/Inc/Legacy" -I"C:/Users/mateu/Desktop/Rufus/Rufus/Prog_RufusV1.0/Drivers/CMSIS/Device/ST/STM32F0xx/Include" -I"C:/Users/mateu/Desktop/Rufus/Rufus/Prog_RufusV1.0/Drivers/CMSIS/Include"  -Og -g3 -Wall -fmessage-length=0 -ffunction-sections -c -fmessage-length=0 -MMD -MP -MF"Drivers/STM32F0xx_HAL_Driver/Src/stm32f0xx_hal_tim.d" -MT"Drivers/STM32F0xx_HAL_Driver/Src/stm32f0xx_hal_tim.o" -o "Drivers/STM32F0xx_HAL_Driver/Src/stm32f0xx_hal_tim.o" "../Drivers/STM32F0xx_HAL_Driver/Src/stm32f0xx_hal_tim.c"
Finished building: ../Drivers/STM32F0xx_HAL_Driver/Src/stm32f0xx_hal_tim.c
 
Building file: ../Drivers/STM32F0xx_HAL_Driver/Src/stm32f0xx_hal_tim_ex.c
Invoking: MCU GCC Compiler
C:\Users\mateu\Desktop\Rufus\Rufus\Prog_RufusV1.0\Debug
arm-none-eabi-gcc -mcpu=cortex-m0 -mthumb -mfloat-abi=soft '-D__weak=__attribute__((weak))' '-D__packed=__attribute__((__packed__))' -DUSE_HAL_DRIVER -DSTM32F030x6 -I"C:/Users/mateu/Desktop/Rufus/Rufus/Prog_RufusV1.0/Inc" -I"C:/Users/mateu/Desktop/Rufus/Rufus/Prog_RufusV1.0/Drivers/STM32F0xx_HAL_Driver/Inc" -I"C:/Users/mateu/Desktop/Rufus/Rufus/Prog_RufusV1.0/Drivers/STM32F0xx_HAL_Driver/Inc/Legacy" -I"C:/Users/mateu/Desktop/Rufus/Rufus/Prog_RufusV1.0/Drivers/CMSIS/Device/ST/STM32F0xx/Include" -I"C:/Users/mateu/Desktop/Rufus/Rufus/Prog_RufusV1.0/Drivers/CMSIS/Include"  -Og -g3 -Wall -fmessage-length=0 -ffunction-sections -c -fmessage-length=0 -MMD -MP -MF"Drivers/STM32F0xx_HAL_Driver/Src/stm32f0xx_hal_tim_ex.d" -MT"Drivers/STM32F0xx_HAL_Driver/Src/stm32f0xx_hal_tim_ex.o" -o "Drivers/STM32F0xx_HAL_Driver/Src/stm32f0xx_hal_tim_ex.o" "../Drivers/STM32F0xx_HAL_Driver/Src/stm32f0xx_hal_tim_ex.c"
Finished building: ../Drivers/STM32F0xx_HAL_Driver/Src/stm32f0xx_hal_tim_ex.c
 
Building file: ../Drivers/STM32F0xx_HAL_Driver/Src/stm32f0xx_hal_uart.c
Invoking: MCU GCC Compiler
C:\Users\mateu\Desktop\Rufus\Rufus\Prog_RufusV1.0\Debug
arm-none-eabi-gcc -mcpu=cortex-m0 -mthumb -mfloat-abi=soft '-D__weak=__attribute__((weak))' '-D__packed=__attribute__((__packed__))' -DUSE_HAL_DRIVER -DSTM32F030x6 -I"C:/Users/mateu/Desktop/Rufus/Rufus/Prog_RufusV1.0/Inc" -I"C:/Users/mateu/Desktop/Rufus/Rufus/Prog_RufusV1.0/Drivers/STM32F0xx_HAL_Driver/Inc" -I"C:/Users/mateu/Desktop/Rufus/Rufus/Prog_RufusV1.0/Drivers/STM32F0xx_HAL_Driver/Inc/Legacy" -I"C:/Users/mateu/Desktop/Rufus/Rufus/Prog_RufusV1.0/Drivers/CMSIS/Device/ST/STM32F0xx/Include" -I"C:/Users/mateu/Desktop/Rufus/Rufus/Prog_RufusV1.0/Drivers/CMSIS/Include"  -Og -g3 -Wall -fmessage-length=0 -ffunction-sections -c -fmessage-length=0 -MMD -MP -MF"Drivers/STM32F0xx_HAL_Driver/Src/stm32f0xx_hal_uart.d" -MT"Drivers/STM32F0xx_HAL_Driver/Src/stm32f0xx_hal_uart.o" -o "Drivers/STM32F0xx_HAL_Driver/Src/stm32f0xx_hal_uart.o" "../Drivers/STM32F0xx_HAL_Driver/Src/stm32f0xx_hal_uart.c"
Finished building: ../Drivers/STM32F0xx_HAL_Driver/Src/stm32f0xx_hal_uart.c
 
Building file: ../Drivers/STM32F0xx_HAL_Driver/Src/stm32f0xx_hal_uart_ex.c
Invoking: MCU GCC Compiler
C:\Users\mateu\Desktop\Rufus\Rufus\Prog_RufusV1.0\Debug
arm-none-eabi-gcc -mcpu=cortex-m0 -mthumb -mfloat-abi=soft '-D__weak=__attribute__((weak))' '-D__packed=__attribute__((__packed__))' -DUSE_HAL_DRIVER -DSTM32F030x6 -I"C:/Users/mateu/Desktop/Rufus/Rufus/Prog_RufusV1.0/Inc" -I"C:/Users/mateu/Desktop/Rufus/Rufus/Prog_RufusV1.0/Drivers/STM32F0xx_HAL_Driver/Inc" -I"C:/Users/mateu/Desktop/Rufus/Rufus/Prog_RufusV1.0/Drivers/STM32F0xx_HAL_Driver/Inc/Legacy" -I"C:/Users/mateu/Desktop/Rufus/Rufus/Prog_RufusV1.0/Drivers/CMSIS/Device/ST/STM32F0xx/Include" -I"C:/Users/mateu/Desktop/Rufus/Rufus/Prog_RufusV1.0/Drivers/CMSIS/Include"  -Og -g3 -Wall -fmessage-length=0 -ffunction-sections -c -fmessage-length=0 -MMD -MP -MF"Drivers/STM32F0xx_HAL_Driver/Src/stm32f0xx_hal_uart_ex.d" -MT"Drivers/STM32F0xx_HAL_Driver/Src/stm32f0xx_hal_uart_ex.o" -o "Drivers/STM32F0xx_HAL_Driver/Src/stm32f0xx_hal_uart_ex.o" "../Drivers/STM32F0xx_HAL_Driver/Src/stm32f0xx_hal_uart_ex.c"
Finished building: ../Drivers/STM32F0xx_HAL_Driver/Src/stm32f0xx_hal_uart_ex.c
 
Building target: Prog_RufusV1.0.elf
Invoking: MCU GCC Linker
arm-none-eabi-gcc -mcpu=cortex-m0 -mthumb -mfloat-abi=soft -specs=nosys.specs -specs=nano.specs -T"../STM32F030C6Tx_FLASH.ld" -Wl,-Map=output.map -Wl,--gc-sections -o "Prog_RufusV1.0.elf" @"objects.list"   -lm
Finished building target: Prog_RufusV1.0.elf
 
make --no-print-directory post-build
Generating hex and Printing size information:
arm-none-eabi-objcopy -O ihex "Prog_RufusV1.0.elf" "Prog_RufusV1.0.hex"
arm-none-eabi-size "Prog_RufusV1.0.elf"
   text	   data	    bss	    dec	    hex	filename
  19404	     12	   2508	  21924	   55a4	Prog_RufusV1.0.elf
 
21:53:19 **** Incremental Build of configuration Debug for project Prog_RufusV1.0 ****
make all 
make: Nothing to be done for 'all'.
21:53:55 **** Incremental Build of configuration Debug for project Prog_RufusV1.0 ****
make all 
make: Nothing to be done for 'all'.
21:54:22 **** Incremental Build of configuration Debug for project Prog_RufusV1.0 ****
make all 
make: Nothing to be done for 'all'.
21:54:29 **** Incremental Build of configuration Debug for project Prog_RufusV1.0 ****
make all 
make: Nothing to be done for 'all'.
21:54:44 **** Incremental Build of configuration Debug for project Prog_RufusV1.0 ****
make all 
make: Nothing to be done for 'all'.
21:55:05 **** Incremental Build of configuration Debug for project Prog_RufusV1.0 ****
make all 
make: Nothing to be done for 'all'.
21:55:23 **** Incremental Build of configuration Debug for project Prog_RufusV1.0 ****
make all 
make: Nothing to be done for 'all'.
21:55:46 **** Incremental Build of configuration Debug for project Prog_RufusV1.0 ****
make all 
make: Nothing to be done for 'all'.
22:17:33 **** Incremental Build of configuration Debug for project Prog_RufusV1.0 ****
make all 
make: Nothing to be done for 'all'.
22:18:08 **** Incremental Build of configuration Debug for project Prog_RufusV1.0 ****
make all 
make: Nothing to be done for 'all'.
22:18:42 **** Incremental Build of configuration Debug for project Prog_RufusV1.0 ****
make all 
make: Nothing to be done for 'all'.
22:20:33 **** Incremental Build of configuration Debug for project Prog_RufusV1.0 ****
make all 
make: Nothing to be done for 'all'.
13:33:53 **** Incremental Build of configuration Debug for project Prog_RufusV1.0 ****
make all 
Building file: ../Src/adc.c
Invoking: MCU GCC Compiler
C:\Users\mateu\Desktop\Rufus\Rufus\Prog_RufusV1.0\Debug
arm-none-eabi-gcc -mcpu=cortex-m0 -mthumb -mfloat-abi=soft '-D__weak=__attribute__((weak))' '-D__packed=__attribute__((__packed__))' -DUSE_HAL_DRIVER -DSTM32F030x6 -I"C:/Users/mateu/Desktop/Rufus/Rufus/Prog_RufusV1.0/Inc" -I"C:/Users/mateu/Desktop/Rufus/Rufus/Prog_RufusV1.0/Drivers/STM32F0xx_HAL_Driver/Inc" -I"C:/Users/mateu/Desktop/Rufus/Rufus/Prog_RufusV1.0/Drivers/STM32F0xx_HAL_Driver/Inc/Legacy" -I"C:/Users/mateu/Desktop/Rufus/Rufus/Prog_RufusV1.0/Drivers/CMSIS/Device/ST/STM32F0xx/Include" -I"C:/Users/mateu/Desktop/Rufus/Rufus/Prog_RufusV1.0/Drivers/CMSIS/Include"  -Og -g3 -Wall -fmessage-length=0 -ffunction-sections -c -fmessage-length=0 -MMD -MP -MF"Src/adc.d" -MT"Src/adc.o" -o "Src/adc.o" "../Src/adc.c"
Finished building: ../Src/adc.c
 
Building file: ../Src/controle.c
Invoking: MCU GCC Compiler
C:\Users\mateu\Desktop\Rufus\Rufus\Prog_RufusV1.0\Debug
arm-none-eabi-gcc -mcpu=cortex-m0 -mthumb -mfloat-abi=soft '-D__weak=__attribute__((weak))' '-D__packed=__attribute__((__packed__))' -DUSE_HAL_DRIVER -DSTM32F030x6 -I"C:/Users/mateu/Desktop/Rufus/Rufus/Prog_RufusV1.0/Inc" -I"C:/Users/mateu/Desktop/Rufus/Rufus/Prog_RufusV1.0/Drivers/STM32F0xx_HAL_Driver/Inc" -I"C:/Users/mateu/Desktop/Rufus/Rufus/Prog_RufusV1.0/Drivers/STM32F0xx_HAL_Driver/Inc/Legacy" -I"C:/Users/mateu/Desktop/Rufus/Rufus/Prog_RufusV1.0/Drivers/CMSIS/Device/ST/STM32F0xx/Include" -I"C:/Users/mateu/Desktop/Rufus/Rufus/Prog_RufusV1.0/Drivers/CMSIS/Include"  -Og -g3 -Wall -fmessage-length=0 -ffunction-sections -c -fmessage-length=0 -MMD -MP -MF"Src/controle.d" -MT"Src/controle.o" -o "Src/controle.o" "../Src/controle.c"
Finished building: ../Src/controle.c
 
Building file: ../Src/dma.c
Invoking: MCU GCC Compiler
C:\Users\mateu\Desktop\Rufus\Rufus\Prog_RufusV1.0\Debug
arm-none-eabi-gcc -mcpu=cortex-m0 -mthumb -mfloat-abi=soft '-D__weak=__attribute__((weak))' '-D__packed=__attribute__((__packed__))' -DUSE_HAL_DRIVER -DSTM32F030x6 -I"C:/Users/mateu/Desktop/Rufus/Rufus/Prog_RufusV1.0/Inc" -I"C:/Users/mateu/Desktop/Rufus/Rufus/Prog_RufusV1.0/Drivers/STM32F0xx_HAL_Driver/Inc" -I"C:/Users/mateu/Desktop/Rufus/Rufus/Prog_RufusV1.0/Drivers/STM32F0xx_HAL_Driver/Inc/Legacy" -I"C:/Users/mateu/Desktop/Rufus/Rufus/Prog_RufusV1.0/Drivers/CMSIS/Device/ST/STM32F0xx/Include" -I"C:/Users/mateu/Desktop/Rufus/Rufus/Prog_RufusV1.0/Drivers/CMSIS/Include"  -Og -g3 -Wall -fmessage-length=0 -ffunction-sections -c -fmessage-length=0 -MMD -MP -MF"Src/dma.d" -MT"Src/dma.o" -o "Src/dma.o" "../Src/dma.c"
Finished building: ../Src/dma.c
 
Building file: ../Src/drive_TB66.c
Invoking: MCU GCC Compiler
C:\Users\mateu\Desktop\Rufus\Rufus\Prog_RufusV1.0\Debug
arm-none-eabi-gcc -mcpu=cortex-m0 -mthumb -mfloat-abi=soft '-D__weak=__attribute__((weak))' '-D__packed=__attribute__((__packed__))' -DUSE_HAL_DRIVER -DSTM32F030x6 -I"C:/Users/mateu/Desktop/Rufus/Rufus/Prog_RufusV1.0/Inc" -I"C:/Users/mateu/Desktop/Rufus/Rufus/Prog_RufusV1.0/Drivers/STM32F0xx_HAL_Driver/Inc" -I"C:/Users/mateu/Desktop/Rufus/Rufus/Prog_RufusV1.0/Drivers/STM32F0xx_HAL_Driver/Inc/Legacy" -I"C:/Users/mateu/Desktop/Rufus/Rufus/Prog_RufusV1.0/Drivers/CMSIS/Device/ST/STM32F0xx/Include" -I"C:/Users/mateu/Desktop/Rufus/Rufus/Prog_RufusV1.0/Drivers/CMSIS/Include"  -Og -g3 -Wall -fmessage-length=0 -ffunction-sections -c -fmessage-length=0 -MMD -MP -MF"Src/drive_TB66.d" -MT"Src/drive_TB66.o" -o "Src/drive_TB66.o" "../Src/drive_TB66.c"
Finished building: ../Src/drive_TB66.c
 
Building file: ../Src/gpio.c
Invoking: MCU GCC Compiler
C:\Users\mateu\Desktop\Rufus\Rufus\Prog_RufusV1.0\Debug
arm-none-eabi-gcc -mcpu=cortex-m0 -mthumb -mfloat-abi=soft '-D__weak=__attribute__((weak))' '-D__packed=__attribute__((__packed__))' -DUSE_HAL_DRIVER -DSTM32F030x6 -I"C:/Users/mateu/Desktop/Rufus/Rufus/Prog_RufusV1.0/Inc" -I"C:/Users/mateu/Desktop/Rufus/Rufus/Prog_RufusV1.0/Drivers/STM32F0xx_HAL_Driver/Inc" -I"C:/Users/mateu/Desktop/Rufus/Rufus/Prog_RufusV1.0/Drivers/STM32F0xx_HAL_Driver/Inc/Legacy" -I"C:/Users/mateu/Desktop/Rufus/Rufus/Prog_RufusV1.0/Drivers/CMSIS/Device/ST/STM32F0xx/Include" -I"C:/Users/mateu/Desktop/Rufus/Rufus/Prog_RufusV1.0/Drivers/CMSIS/Include"  -Og -g3 -Wall -fmessage-length=0 -ffunction-sections -c -fmessage-length=0 -MMD -MP -MF"Src/gpio.d" -MT"Src/gpio.o" -o "Src/gpio.o" "../Src/gpio.c"
Finished building: ../Src/gpio.c
 
Building file: ../Src/i2c.c
Invoking: MCU GCC Compiler
C:\Users\mateu\Desktop\Rufus\Rufus\Prog_RufusV1.0\Debug
arm-none-eabi-gcc -mcpu=cortex-m0 -mthumb -mfloat-abi=soft '-D__weak=__attribute__((weak))' '-D__packed=__attribute__((__packed__))' -DUSE_HAL_DRIVER -DSTM32F030x6 -I"C:/Users/mateu/Desktop/Rufus/Rufus/Prog_RufusV1.0/Inc" -I"C:/Users/mateu/Desktop/Rufus/Rufus/Prog_RufusV1.0/Drivers/STM32F0xx_HAL_Driver/Inc" -I"C:/Users/mateu/Desktop/Rufus/Rufus/Prog_RufusV1.0/Drivers/STM32F0xx_HAL_Driver/Inc/Legacy" -I"C:/Users/mateu/Desktop/Rufus/Rufus/Prog_RufusV1.0/Drivers/CMSIS/Device/ST/STM32F0xx/Include" -I"C:/Users/mateu/Desktop/Rufus/Rufus/Prog_RufusV1.0/Drivers/CMSIS/Include"  -Og -g3 -Wall -fmessage-length=0 -ffunction-sections -c -fmessage-length=0 -MMD -MP -MF"Src/i2c.d" -MT"Src/i2c.o" -o "Src/i2c.o" "../Src/i2c.c"
Finished building: ../Src/i2c.c
 
Building file: ../Src/main.c
Invoking: MCU GCC Compiler
C:\Users\mateu\Desktop\Rufus\Rufus\Prog_RufusV1.0\Debug
arm-none-eabi-gcc -mcpu=cortex-m0 -mthumb -mfloat-abi=soft '-D__weak=__attribute__((weak))' '-D__packed=__attribute__((__packed__))' -DUSE_HAL_DRIVER -DSTM32F030x6 -I"C:/Users/mateu/Desktop/Rufus/Rufus/Prog_RufusV1.0/Inc" -I"C:/Users/mateu/Desktop/Rufus/Rufus/Prog_RufusV1.0/Drivers/STM32F0xx_HAL_Driver/Inc" -I"C:/Users/mateu/Desktop/Rufus/Rufus/Prog_RufusV1.0/Drivers/STM32F0xx_HAL_Driver/Inc/Legacy" -I"C:/Users/mateu/Desktop/Rufus/Rufus/Prog_RufusV1.0/Drivers/CMSIS/Device/ST/STM32F0xx/Include" -I"C:/Users/mateu/Desktop/Rufus/Rufus/Prog_RufusV1.0/Drivers/CMSIS/Include"  -Og -g3 -Wall -fmessage-length=0 -ffunction-sections -c -fmessage-length=0 -MMD -MP -MF"Src/main.d" -MT"Src/main.o" -o "Src/main.o" "../Src/main.c"
../Src/main.c: In function 'main':
../Src/main.c:206:8: warning: this 'for' clause does not guard... [-Wmisleading-indentation]
        for (g = 0; g < 1000; g++);
        ^~~
../Src/main.c:207:5: note: ...this statement, but the latter is misleadingly indented as if it were guarded by the 'for'
     if(Direita >= Direita_Recebida){
     ^~
Finished building: ../Src/main.c
 
Building file: ../Src/scanner.c
Invoking: MCU GCC Compiler
C:\Users\mateu\Desktop\Rufus\Rufus\Prog_RufusV1.0\Debug
arm-none-eabi-gcc -mcpu=cortex-m0 -mthumb -mfloat-abi=soft '-D__weak=__attribute__((weak))' '-D__packed=__attribute__((__packed__))' -DUSE_HAL_DRIVER -DSTM32F030x6 -I"C:/Users/mateu/Desktop/Rufus/Rufus/Prog_RufusV1.0/Inc" -I"C:/Users/mateu/Desktop/Rufus/Rufus/Prog_RufusV1.0/Drivers/STM32F0xx_HAL_Driver/Inc" -I"C:/Users/mateu/Desktop/Rufus/Rufus/Prog_RufusV1.0/Drivers/STM32F0xx_HAL_Driver/Inc/Legacy" -I"C:/Users/mateu/Desktop/Rufus/Rufus/Prog_RufusV1.0/Drivers/CMSIS/Device/ST/STM32F0xx/Include" -I"C:/Users/mateu/Desktop/Rufus/Rufus/Prog_RufusV1.0/Drivers/CMSIS/Include"  -Og -g3 -Wall -fmessage-length=0 -ffunction-sections -c -fmessage-length=0 -MMD -MP -MF"Src/scanner.d" -MT"Src/scanner.o" -o "Src/scanner.o" "../Src/scanner.c"
Finished building: ../Src/scanner.c
 
Building file: ../Src/spi.c
Invoking: MCU GCC Compiler
C:\Users\mateu\Desktop\Rufus\Rufus\Prog_RufusV1.0\Debug
arm-none-eabi-gcc -mcpu=cortex-m0 -mthumb -mfloat-abi=soft '-D__weak=__attribute__((weak))' '-D__packed=__attribute__((__packed__))' -DUSE_HAL_DRIVER -DSTM32F030x6 -I"C:/Users/mateu/Desktop/Rufus/Rufus/Prog_RufusV1.0/Inc" -I"C:/Users/mateu/Desktop/Rufus/Rufus/Prog_RufusV1.0/Drivers/STM32F0xx_HAL_Driver/Inc" -I"C:/Users/mateu/Desktop/Rufus/Rufus/Prog_RufusV1.0/Drivers/STM32F0xx_HAL_Driver/Inc/Legacy" -I"C:/Users/mateu/Desktop/Rufus/Rufus/Prog_RufusV1.0/Drivers/CMSIS/Device/ST/STM32F0xx/Include" -I"C:/Users/mateu/Desktop/Rufus/Rufus/Prog_RufusV1.0/Drivers/CMSIS/Include"  -Og -g3 -Wall -fmessage-length=0 -ffunction-sections -c -fmessage-length=0 -MMD -MP -MF"Src/spi.d" -MT"Src/spi.o" -o "Src/spi.o" "../Src/spi.c"
Finished building: ../Src/spi.c
 
Building file: ../Src/stm32f0xx_hal_msp.c
Invoking: MCU GCC Compiler
C:\Users\mateu\Desktop\Rufus\Rufus\Prog_RufusV1.0\Debug
arm-none-eabi-gcc -mcpu=cortex-m0 -mthumb -mfloat-abi=soft '-D__weak=__attribute__((weak))' '-D__packed=__attribute__((__packed__))' -DUSE_HAL_DRIVER -DSTM32F030x6 -I"C:/Users/mateu/Desktop/Rufus/Rufus/Prog_RufusV1.0/Inc" -I"C:/Users/mateu/Desktop/Rufus/Rufus/Prog_RufusV1.0/Drivers/STM32F0xx_HAL_Driver/Inc" -I"C:/Users/mateu/Desktop/Rufus/Rufus/Prog_RufusV1.0/Drivers/STM32F0xx_HAL_Driver/Inc/Legacy" -I"C:/Users/mateu/Desktop/Rufus/Rufus/Prog_RufusV1.0/Drivers/CMSIS/Device/ST/STM32F0xx/Include" -I"C:/Users/mateu/Desktop/Rufus/Rufus/Prog_RufusV1.0/Drivers/CMSIS/Include"  -Og -g3 -Wall -fmessage-length=0 -ffunction-sections -c -fmessage-length=0 -MMD -MP -MF"Src/stm32f0xx_hal_msp.d" -MT"Src/stm32f0xx_hal_msp.o" -o "Src/stm32f0xx_hal_msp.o" "../Src/stm32f0xx_hal_msp.c"
Finished building: ../Src/stm32f0xx_hal_msp.c
 
Building file: ../Src/stm32f0xx_it.c
Invoking: MCU GCC Compiler
C:\Users\mateu\Desktop\Rufus\Rufus\Prog_RufusV1.0\Debug
arm-none-eabi-gcc -mcpu=cortex-m0 -mthumb -mfloat-abi=soft '-D__weak=__attribute__((weak))' '-D__packed=__attribute__((__packed__))' -DUSE_HAL_DRIVER -DSTM32F030x6 -I"C:/Users/mateu/Desktop/Rufus/Rufus/Prog_RufusV1.0/Inc" -I"C:/Users/mateu/Desktop/Rufus/Rufus/Prog_RufusV1.0/Drivers/STM32F0xx_HAL_Driver/Inc" -I"C:/Users/mateu/Desktop/Rufus/Rufus/Prog_RufusV1.0/Drivers/STM32F0xx_HAL_Driver/Inc/Legacy" -I"C:/Users/mateu/Desktop/Rufus/Rufus/Prog_RufusV1.0/Drivers/CMSIS/Device/ST/STM32F0xx/Include" -I"C:/Users/mateu/Desktop/Rufus/Rufus/Prog_RufusV1.0/Drivers/CMSIS/Include"  -Og -g3 -Wall -fmessage-length=0 -ffunction-sections -c -fmessage-length=0 -MMD -MP -MF"Src/stm32f0xx_it.d" -MT"Src/stm32f0xx_it.o" -o "Src/stm32f0xx_it.o" "../Src/stm32f0xx_it.c"
Finished building: ../Src/stm32f0xx_it.c
 
Building file: ../Src/system_stm32f0xx.c
Invoking: MCU GCC Compiler
C:\Users\mateu\Desktop\Rufus\Rufus\Prog_RufusV1.0\Debug
arm-none-eabi-gcc -mcpu=cortex-m0 -mthumb -mfloat-abi=soft '-D__weak=__attribute__((weak))' '-D__packed=__attribute__((__packed__))' -DUSE_HAL_DRIVER -DSTM32F030x6 -I"C:/Users/mateu/Desktop/Rufus/Rufus/Prog_RufusV1.0/Inc" -I"C:/Users/mateu/Desktop/Rufus/Rufus/Prog_RufusV1.0/Drivers/STM32F0xx_HAL_Driver/Inc" -I"C:/Users/mateu/Desktop/Rufus/Rufus/Prog_RufusV1.0/Drivers/STM32F0xx_HAL_Driver/Inc/Legacy" -I"C:/Users/mateu/Desktop/Rufus/Rufus/Prog_RufusV1.0/Drivers/CMSIS/Device/ST/STM32F0xx/Include" -I"C:/Users/mateu/Desktop/Rufus/Rufus/Prog_RufusV1.0/Drivers/CMSIS/Include"  -Og -g3 -Wall -fmessage-length=0 -ffunction-sections -c -fmessage-length=0 -MMD -MP -MF"Src/system_stm32f0xx.d" -MT"Src/system_stm32f0xx.o" -o "Src/system_stm32f0xx.o" "../Src/system_stm32f0xx.c"
Finished building: ../Src/system_stm32f0xx.c
 
Building file: ../Src/tim.c
Invoking: MCU GCC Compiler
C:\Users\mateu\Desktop\Rufus\Rufus\Prog_RufusV1.0\Debug
arm-none-eabi-gcc -mcpu=cortex-m0 -mthumb -mfloat-abi=soft '-D__weak=__attribute__((weak))' '-D__packed=__attribute__((__packed__))' -DUSE_HAL_DRIVER -DSTM32F030x6 -I"C:/Users/mateu/Desktop/Rufus/Rufus/Prog_RufusV1.0/Inc" -I"C:/Users/mateu/Desktop/Rufus/Rufus/Prog_RufusV1.0/Drivers/STM32F0xx_HAL_Driver/Inc" -I"C:/Users/mateu/Desktop/Rufus/Rufus/Prog_RufusV1.0/Drivers/STM32F0xx_HAL_Driver/Inc/Legacy" -I"C:/Users/mateu/Desktop/Rufus/Rufus/Prog_RufusV1.0/Drivers/CMSIS/Device/ST/STM32F0xx/Include" -I"C:/Users/mateu/Desktop/Rufus/Rufus/Prog_RufusV1.0/Drivers/CMSIS/Include"  -Og -g3 -Wall -fmessage-length=0 -ffunction-sections -c -fmessage-length=0 -MMD -MP -MF"Src/tim.d" -MT"Src/tim.o" -o "Src/tim.o" "../Src/tim.c"
Finished building: ../Src/tim.c
 
Building file: ../Src/usart.c
Invoking: MCU GCC Compiler
C:\Users\mateu\Desktop\Rufus\Rufus\Prog_RufusV1.0\Debug
arm-none-eabi-gcc -mcpu=cortex-m0 -mthumb -mfloat-abi=soft '-D__weak=__attribute__((weak))' '-D__packed=__attribute__((__packed__))' -DUSE_HAL_DRIVER -DSTM32F030x6 -I"C:/Users/mateu/Desktop/Rufus/Rufus/Prog_RufusV1.0/Inc" -I"C:/Users/mateu/Desktop/Rufus/Rufus/Prog_RufusV1.0/Drivers/STM32F0xx_HAL_Driver/Inc" -I"C:/Users/mateu/Desktop/Rufus/Rufus/Prog_RufusV1.0/Drivers/STM32F0xx_HAL_Driver/Inc/Legacy" -I"C:/Users/mateu/Desktop/Rufus/Rufus/Prog_RufusV1.0/Drivers/CMSIS/Device/ST/STM32F0xx/Include" -I"C:/Users/mateu/Desktop/Rufus/Rufus/Prog_RufusV1.0/Drivers/CMSIS/Include"  -Og -g3 -Wall -fmessage-length=0 -ffunction-sections -c -fmessage-length=0 -MMD -MP -MF"Src/usart.d" -MT"Src/usart.o" -o "Src/usart.o" "../Src/usart.c"
Finished building: ../Src/usart.c
 
Building file: ../Drivers/STM32F0xx_HAL_Driver/Src/stm32f0xx_hal.c
Invoking: MCU GCC Compiler
C:\Users\mateu\Desktop\Rufus\Rufus\Prog_RufusV1.0\Debug
arm-none-eabi-gcc -mcpu=cortex-m0 -mthumb -mfloat-abi=soft '-D__weak=__attribute__((weak))' '-D__packed=__attribute__((__packed__))' -DUSE_HAL_DRIVER -DSTM32F030x6 -I"C:/Users/mateu/Desktop/Rufus/Rufus/Prog_RufusV1.0/Inc" -I"C:/Users/mateu/Desktop/Rufus/Rufus/Prog_RufusV1.0/Drivers/STM32F0xx_HAL_Driver/Inc" -I"C:/Users/mateu/Desktop/Rufus/Rufus/Prog_RufusV1.0/Drivers/STM32F0xx_HAL_Driver/Inc/Legacy" -I"C:/Users/mateu/Desktop/Rufus/Rufus/Prog_RufusV1.0/Drivers/CMSIS/Device/ST/STM32F0xx/Include" -I"C:/Users/mateu/Desktop/Rufus/Rufus/Prog_RufusV1.0/Drivers/CMSIS/Include"  -Og -g3 -Wall -fmessage-length=0 -ffunction-sections -c -fmessage-length=0 -MMD -MP -MF"Drivers/STM32F0xx_HAL_Driver/Src/stm32f0xx_hal.d" -MT"Drivers/STM32F0xx_HAL_Driver/Src/stm32f0xx_hal.o" -o "Drivers/STM32F0xx_HAL_Driver/Src/stm32f0xx_hal.o" "../Drivers/STM32F0xx_HAL_Driver/Src/stm32f0xx_hal.c"
Finished building: ../Drivers/STM32F0xx_HAL_Driver/Src/stm32f0xx_hal.c
 
Building file: ../Drivers/STM32F0xx_HAL_Driver/Src/stm32f0xx_hal_adc.c
Invoking: MCU GCC Compiler
C:\Users\mateu\Desktop\Rufus\Rufus\Prog_RufusV1.0\Debug
arm-none-eabi-gcc -mcpu=cortex-m0 -mthumb -mfloat-abi=soft '-D__weak=__attribute__((weak))' '-D__packed=__attribute__((__packed__))' -DUSE_HAL_DRIVER -DSTM32F030x6 -I"C:/Users/mateu/Desktop/Rufus/Rufus/Prog_RufusV1.0/Inc" -I"C:/Users/mateu/Desktop/Rufus/Rufus/Prog_RufusV1.0/Drivers/STM32F0xx_HAL_Driver/Inc" -I"C:/Users/mateu/Desktop/Rufus/Rufus/Prog_RufusV1.0/Drivers/STM32F0xx_HAL_Driver/Inc/Legacy" -I"C:/Users/mateu/Desktop/Rufus/Rufus/Prog_RufusV1.0/Drivers/CMSIS/Device/ST/STM32F0xx/Include" -I"C:/Users/mateu/Desktop/Rufus/Rufus/Prog_RufusV1.0/Drivers/CMSIS/Include"  -Og -g3 -Wall -fmessage-length=0 -ffunction-sections -c -fmessage-length=0 -MMD -MP -MF"Drivers/STM32F0xx_HAL_Driver/Src/stm32f0xx_hal_adc.d" -MT"Drivers/STM32F0xx_HAL_Driver/Src/stm32f0xx_hal_adc.o" -o "Drivers/STM32F0xx_HAL_Driver/Src/stm32f0xx_hal_adc.o" "../Drivers/STM32F0xx_HAL_Driver/Src/stm32f0xx_hal_adc.c"
Finished building: ../Drivers/STM32F0xx_HAL_Driver/Src/stm32f0xx_hal_adc.c
 
Building file: ../Drivers/STM32F0xx_HAL_Driver/Src/stm32f0xx_hal_adc_ex.c
Invoking: MCU GCC Compiler
C:\Users\mateu\Desktop\Rufus\Rufus\Prog_RufusV1.0\Debug
arm-none-eabi-gcc -mcpu=cortex-m0 -mthumb -mfloat-abi=soft '-D__weak=__attribute__((weak))' '-D__packed=__attribute__((__packed__))' -DUSE_HAL_DRIVER -DSTM32F030x6 -I"C:/Users/mateu/Desktop/Rufus/Rufus/Prog_RufusV1.0/Inc" -I"C:/Users/mateu/Desktop/Rufus/Rufus/Prog_RufusV1.0/Drivers/STM32F0xx_HAL_Driver/Inc" -I"C:/Users/mateu/Desktop/Rufus/Rufus/Prog_RufusV1.0/Drivers/STM32F0xx_HAL_Driver/Inc/Legacy" -I"C:/Users/mateu/Desktop/Rufus/Rufus/Prog_RufusV1.0/Drivers/CMSIS/Device/ST/STM32F0xx/Include" -I"C:/Users/mateu/Desktop/Rufus/Rufus/Prog_RufusV1.0/Drivers/CMSIS/Include"  -Og -g3 -Wall -fmessage-length=0 -ffunction-sections -c -fmessage-length=0 -MMD -MP -MF"Drivers/STM32F0xx_HAL_Driver/Src/stm32f0xx_hal_adc_ex.d" -MT"Drivers/STM32F0xx_HAL_Driver/Src/stm32f0xx_hal_adc_ex.o" -o "Drivers/STM32F0xx_HAL_Driver/Src/stm32f0xx_hal_adc_ex.o" "../Drivers/STM32F0xx_HAL_Driver/Src/stm32f0xx_hal_adc_ex.c"
Finished building: ../Drivers/STM32F0xx_HAL_Driver/Src/stm32f0xx_hal_adc_ex.c
 
Building file: ../Drivers/STM32F0xx_HAL_Driver/Src/stm32f0xx_hal_cortex.c
Invoking: MCU GCC Compiler
C:\Users\mateu\Desktop\Rufus\Rufus\Prog_RufusV1.0\Debug
arm-none-eabi-gcc -mcpu=cortex-m0 -mthumb -mfloat-abi=soft '-D__weak=__attribute__((weak))' '-D__packed=__attribute__((__packed__))' -DUSE_HAL_DRIVER -DSTM32F030x6 -I"C:/Users/mateu/Desktop/Rufus/Rufus/Prog_RufusV1.0/Inc" -I"C:/Users/mateu/Desktop/Rufus/Rufus/Prog_RufusV1.0/Drivers/STM32F0xx_HAL_Driver/Inc" -I"C:/Users/mateu/Desktop/Rufus/Rufus/Prog_RufusV1.0/Drivers/STM32F0xx_HAL_Driver/Inc/Legacy" -I"C:/Users/mateu/Desktop/Rufus/Rufus/Prog_RufusV1.0/Drivers/CMSIS/Device/ST/STM32F0xx/Include" -I"C:/Users/mateu/Desktop/Rufus/Rufus/Prog_RufusV1.0/Drivers/CMSIS/Include"  -Og -g3 -Wall -fmessage-length=0 -ffunction-sections -c -fmessage-length=0 -MMD -MP -MF"Drivers/STM32F0xx_HAL_Driver/Src/stm32f0xx_hal_cortex.d" -MT"Drivers/STM32F0xx_HAL_Driver/Src/stm32f0xx_hal_cortex.o" -o "Drivers/STM32F0xx_HAL_Driver/Src/stm32f0xx_hal_cortex.o" "../Drivers/STM32F0xx_HAL_Driver/Src/stm32f0xx_hal_cortex.c"
Finished building: ../Drivers/STM32F0xx_HAL_Driver/Src/stm32f0xx_hal_cortex.c
 
Building file: ../Drivers/STM32F0xx_HAL_Driver/Src/stm32f0xx_hal_dma.c
Invoking: MCU GCC Compiler
C:\Users\mateu\Desktop\Rufus\Rufus\Prog_RufusV1.0\Debug
arm-none-eabi-gcc -mcpu=cortex-m0 -mthumb -mfloat-abi=soft '-D__weak=__attribute__((weak))' '-D__packed=__attribute__((__packed__))' -DUSE_HAL_DRIVER -DSTM32F030x6 -I"C:/Users/mateu/Desktop/Rufus/Rufus/Prog_RufusV1.0/Inc" -I"C:/Users/mateu/Desktop/Rufus/Rufus/Prog_RufusV1.0/Drivers/STM32F0xx_HAL_Driver/Inc" -I"C:/Users/mateu/Desktop/Rufus/Rufus/Prog_RufusV1.0/Drivers/STM32F0xx_HAL_Driver/Inc/Legacy" -I"C:/Users/mateu/Desktop/Rufus/Rufus/Prog_RufusV1.0/Drivers/CMSIS/Device/ST/STM32F0xx/Include" -I"C:/Users/mateu/Desktop/Rufus/Rufus/Prog_RufusV1.0/Drivers/CMSIS/Include"  -Og -g3 -Wall -fmessage-length=0 -ffunction-sections -c -fmessage-length=0 -MMD -MP -MF"Drivers/STM32F0xx_HAL_Driver/Src/stm32f0xx_hal_dma.d" -MT"Drivers/STM32F0xx_HAL_Driver/Src/stm32f0xx_hal_dma.o" -o "Drivers/STM32F0xx_HAL_Driver/Src/stm32f0xx_hal_dma.o" "../Drivers/STM32F0xx_HAL_Driver/Src/stm32f0xx_hal_dma.c"
Finished building: ../Drivers/STM32F0xx_HAL_Driver/Src/stm32f0xx_hal_dma.c
 
Building file: ../Drivers/STM32F0xx_HAL_Driver/Src/stm32f0xx_hal_flash.c
Invoking: MCU GCC Compiler
C:\Users\mateu\Desktop\Rufus\Rufus\Prog_RufusV1.0\Debug
arm-none-eabi-gcc -mcpu=cortex-m0 -mthumb -mfloat-abi=soft '-D__weak=__attribute__((weak))' '-D__packed=__attribute__((__packed__))' -DUSE_HAL_DRIVER -DSTM32F030x6 -I"C:/Users/mateu/Desktop/Rufus/Rufus/Prog_RufusV1.0/Inc" -I"C:/Users/mateu/Desktop/Rufus/Rufus/Prog_RufusV1.0/Drivers/STM32F0xx_HAL_Driver/Inc" -I"C:/Users/mateu/Desktop/Rufus/Rufus/Prog_RufusV1.0/Drivers/STM32F0xx_HAL_Driver/Inc/Legacy" -I"C:/Users/mateu/Desktop/Rufus/Rufus/Prog_RufusV1.0/Drivers/CMSIS/Device/ST/STM32F0xx/Include" -I"C:/Users/mateu/Desktop/Rufus/Rufus/Prog_RufusV1.0/Drivers/CMSIS/Include"  -Og -g3 -Wall -fmessage-length=0 -ffunction-sections -c -fmessage-length=0 -MMD -MP -MF"Drivers/STM32F0xx_HAL_Driver/Src/stm32f0xx_hal_flash.d" -MT"Drivers/STM32F0xx_HAL_Driver/Src/stm32f0xx_hal_flash.o" -o "Drivers/STM32F0xx_HAL_Driver/Src/stm32f0xx_hal_flash.o" "../Drivers/STM32F0xx_HAL_Driver/Src/stm32f0xx_hal_flash.c"
Finished building: ../Drivers/STM32F0xx_HAL_Driver/Src/stm32f0xx_hal_flash.c
 
Building file: ../Drivers/STM32F0xx_HAL_Driver/Src/stm32f0xx_hal_flash_ex.c
Invoking: MCU GCC Compiler
C:\Users\mateu\Desktop\Rufus\Rufus\Prog_RufusV1.0\Debug
arm-none-eabi-gcc -mcpu=cortex-m0 -mthumb -mfloat-abi=soft '-D__weak=__attribute__((weak))' '-D__packed=__attribute__((__packed__))' -DUSE_HAL_DRIVER -DSTM32F030x6 -I"C:/Users/mateu/Desktop/Rufus/Rufus/Prog_RufusV1.0/Inc" -I"C:/Users/mateu/Desktop/Rufus/Rufus/Prog_RufusV1.0/Drivers/STM32F0xx_HAL_Driver/Inc" -I"C:/Users/mateu/Desktop/Rufus/Rufus/Prog_RufusV1.0/Drivers/STM32F0xx_HAL_Driver/Inc/Legacy" -I"C:/Users/mateu/Desktop/Rufus/Rufus/Prog_RufusV1.0/Drivers/CMSIS/Device/ST/STM32F0xx/Include" -I"C:/Users/mateu/Desktop/Rufus/Rufus/Prog_RufusV1.0/Drivers/CMSIS/Include"  -Og -g3 -Wall -fmessage-length=0 -ffunction-sections -c -fmessage-length=0 -MMD -MP -MF"Drivers/STM32F0xx_HAL_Driver/Src/stm32f0xx_hal_flash_ex.d" -MT"Drivers/STM32F0xx_HAL_Driver/Src/stm32f0xx_hal_flash_ex.o" -o "Drivers/STM32F0xx_HAL_Driver/Src/stm32f0xx_hal_flash_ex.o" "../Drivers/STM32F0xx_HAL_Driver/Src/stm32f0xx_hal_flash_ex.c"
Finished building: ../Drivers/STM32F0xx_HAL_Driver/Src/stm32f0xx_hal_flash_ex.c
 
Building file: ../Drivers/STM32F0xx_HAL_Driver/Src/stm32f0xx_hal_gpio.c
Invoking: MCU GCC Compiler
C:\Users\mateu\Desktop\Rufus\Rufus\Prog_RufusV1.0\Debug
arm-none-eabi-gcc -mcpu=cortex-m0 -mthumb -mfloat-abi=soft '-D__weak=__attribute__((weak))' '-D__packed=__attribute__((__packed__))' -DUSE_HAL_DRIVER -DSTM32F030x6 -I"C:/Users/mateu/Desktop/Rufus/Rufus/Prog_RufusV1.0/Inc" -I"C:/Users/mateu/Desktop/Rufus/Rufus/Prog_RufusV1.0/Drivers/STM32F0xx_HAL_Driver/Inc" -I"C:/Users/mateu/Desktop/Rufus/Rufus/Prog_RufusV1.0/Drivers/STM32F0xx_HAL_Driver/Inc/Legacy" -I"C:/Users/mateu/Desktop/Rufus/Rufus/Prog_RufusV1.0/Drivers/CMSIS/Device/ST/STM32F0xx/Include" -I"C:/Users/mateu/Desktop/Rufus/Rufus/Prog_RufusV1.0/Drivers/CMSIS/Include"  -Og -g3 -Wall -fmessage-length=0 -ffunction-sections -c -fmessage-length=0 -MMD -MP -MF"Drivers/STM32F0xx_HAL_Driver/Src/stm32f0xx_hal_gpio.d" -MT"Drivers/STM32F0xx_HAL_Driver/Src/stm32f0xx_hal_gpio.o" -o "Drivers/STM32F0xx_HAL_Driver/Src/stm32f0xx_hal_gpio.o" "../Drivers/STM32F0xx_HAL_Driver/Src/stm32f0xx_hal_gpio.c"
Finished building: ../Drivers/STM32F0xx_HAL_Driver/Src/stm32f0xx_hal_gpio.c
 
Building file: ../Drivers/STM32F0xx_HAL_Driver/Src/stm32f0xx_hal_i2c.c
Invoking: MCU GCC Compiler
C:\Users\mateu\Desktop\Rufus\Rufus\Prog_RufusV1.0\Debug
arm-none-eabi-gcc -mcpu=cortex-m0 -mthumb -mfloat-abi=soft '-D__weak=__attribute__((weak))' '-D__packed=__attribute__((__packed__))' -DUSE_HAL_DRIVER -DSTM32F030x6 -I"C:/Users/mateu/Desktop/Rufus/Rufus/Prog_RufusV1.0/Inc" -I"C:/Users/mateu/Desktop/Rufus/Rufus/Prog_RufusV1.0/Drivers/STM32F0xx_HAL_Driver/Inc" -I"C:/Users/mateu/Desktop/Rufus/Rufus/Prog_RufusV1.0/Drivers/STM32F0xx_HAL_Driver/Inc/Legacy" -I"C:/Users/mateu/Desktop/Rufus/Rufus/Prog_RufusV1.0/Drivers/CMSIS/Device/ST/STM32F0xx/Include" -I"C:/Users/mateu/Desktop/Rufus/Rufus/Prog_RufusV1.0/Drivers/CMSIS/Include"  -Og -g3 -Wall -fmessage-length=0 -ffunction-sections -c -fmessage-length=0 -MMD -MP -MF"Drivers/STM32F0xx_HAL_Driver/Src/stm32f0xx_hal_i2c.d" -MT"Drivers/STM32F0xx_HAL_Driver/Src/stm32f0xx_hal_i2c.o" -o "Drivers/STM32F0xx_HAL_Driver/Src/stm32f0xx_hal_i2c.o" "../Drivers/STM32F0xx_HAL_Driver/Src/stm32f0xx_hal_i2c.c"
Finished building: ../Drivers/STM32F0xx_HAL_Driver/Src/stm32f0xx_hal_i2c.c
 
Building file: ../Drivers/STM32F0xx_HAL_Driver/Src/stm32f0xx_hal_i2c_ex.c
Invoking: MCU GCC Compiler
C:\Users\mateu\Desktop\Rufus\Rufus\Prog_RufusV1.0\Debug
arm-none-eabi-gcc -mcpu=cortex-m0 -mthumb -mfloat-abi=soft '-D__weak=__attribute__((weak))' '-D__packed=__attribute__((__packed__))' -DUSE_HAL_DRIVER -DSTM32F030x6 -I"C:/Users/mateu/Desktop/Rufus/Rufus/Prog_RufusV1.0/Inc" -I"C:/Users/mateu/Desktop/Rufus/Rufus/Prog_RufusV1.0/Drivers/STM32F0xx_HAL_Driver/Inc" -I"C:/Users/mateu/Desktop/Rufus/Rufus/Prog_RufusV1.0/Drivers/STM32F0xx_HAL_Driver/Inc/Legacy" -I"C:/Users/mateu/Desktop/Rufus/Rufus/Prog_RufusV1.0/Drivers/CMSIS/Device/ST/STM32F0xx/Include" -I"C:/Users/mateu/Desktop/Rufus/Rufus/Prog_RufusV1.0/Drivers/CMSIS/Include"  -Og -g3 -Wall -fmessage-length=0 -ffunction-sections -c -fmessage-length=0 -MMD -MP -MF"Drivers/STM32F0xx_HAL_Driver/Src/stm32f0xx_hal_i2c_ex.d" -MT"Drivers/STM32F0xx_HAL_Driver/Src/stm32f0xx_hal_i2c_ex.o" -o "Drivers/STM32F0xx_HAL_Driver/Src/stm32f0xx_hal_i2c_ex.o" "../Drivers/STM32F0xx_HAL_Driver/Src/stm32f0xx_hal_i2c_ex.c"
Finished building: ../Drivers/STM32F0xx_HAL_Driver/Src/stm32f0xx_hal_i2c_ex.c
 
Building file: ../Drivers/STM32F0xx_HAL_Driver/Src/stm32f0xx_hal_pwr.c
Invoking: MCU GCC Compiler
C:\Users\mateu\Desktop\Rufus\Rufus\Prog_RufusV1.0\Debug
arm-none-eabi-gcc -mcpu=cortex-m0 -mthumb -mfloat-abi=soft '-D__weak=__attribute__((weak))' '-D__packed=__attribute__((__packed__))' -DUSE_HAL_DRIVER -DSTM32F030x6 -I"C:/Users/mateu/Desktop/Rufus/Rufus/Prog_RufusV1.0/Inc" -I"C:/Users/mateu/Desktop/Rufus/Rufus/Prog_RufusV1.0/Drivers/STM32F0xx_HAL_Driver/Inc" -I"C:/Users/mateu/Desktop/Rufus/Rufus/Prog_RufusV1.0/Drivers/STM32F0xx_HAL_Driver/Inc/Legacy" -I"C:/Users/mateu/Desktop/Rufus/Rufus/Prog_RufusV1.0/Drivers/CMSIS/Device/ST/STM32F0xx/Include" -I"C:/Users/mateu/Desktop/Rufus/Rufus/Prog_RufusV1.0/Drivers/CMSIS/Include"  -Og -g3 -Wall -fmessage-length=0 -ffunction-sections -c -fmessage-length=0 -MMD -MP -MF"Drivers/STM32F0xx_HAL_Driver/Src/stm32f0xx_hal_pwr.d" -MT"Drivers/STM32F0xx_HAL_Driver/Src/stm32f0xx_hal_pwr.o" -o "Drivers/STM32F0xx_HAL_Driver/Src/stm32f0xx_hal_pwr.o" "../Drivers/STM32F0xx_HAL_Driver/Src/stm32f0xx_hal_pwr.c"
Finished building: ../Drivers/STM32F0xx_HAL_Driver/Src/stm32f0xx_hal_pwr.c
 
Building file: ../Drivers/STM32F0xx_HAL_Driver/Src/stm32f0xx_hal_pwr_ex.c
Invoking: MCU GCC Compiler
C:\Users\mateu\Desktop\Rufus\Rufus\Prog_RufusV1.0\Debug
arm-none-eabi-gcc -mcpu=cortex-m0 -mthumb -mfloat-abi=soft '-D__weak=__attribute__((weak))' '-D__packed=__attribute__((__packed__))' -DUSE_HAL_DRIVER -DSTM32F030x6 -I"C:/Users/mateu/Desktop/Rufus/Rufus/Prog_RufusV1.0/Inc" -I"C:/Users/mateu/Desktop/Rufus/Rufus/Prog_RufusV1.0/Drivers/STM32F0xx_HAL_Driver/Inc" -I"C:/Users/mateu/Desktop/Rufus/Rufus/Prog_RufusV1.0/Drivers/STM32F0xx_HAL_Driver/Inc/Legacy" -I"C:/Users/mateu/Desktop/Rufus/Rufus/Prog_RufusV1.0/Drivers/CMSIS/Device/ST/STM32F0xx/Include" -I"C:/Users/mateu/Desktop/Rufus/Rufus/Prog_RufusV1.0/Drivers/CMSIS/Include"  -Og -g3 -Wall -fmessage-length=0 -ffunction-sections -c -fmessage-length=0 -MMD -MP -MF"Drivers/STM32F0xx_HAL_Driver/Src/stm32f0xx_hal_pwr_ex.d" -MT"Drivers/STM32F0xx_HAL_Driver/Src/stm32f0xx_hal_pwr_ex.o" -o "Drivers/STM32F0xx_HAL_Driver/Src/stm32f0xx_hal_pwr_ex.o" "../Drivers/STM32F0xx_HAL_Driver/Src/stm32f0xx_hal_pwr_ex.c"
Finished building: ../Drivers/STM32F0xx_HAL_Driver/Src/stm32f0xx_hal_pwr_ex.c
 
Building file: ../Drivers/STM32F0xx_HAL_Driver/Src/stm32f0xx_hal_rcc.c
Invoking: MCU GCC Compiler
C:\Users\mateu\Desktop\Rufus\Rufus\Prog_RufusV1.0\Debug
arm-none-eabi-gcc -mcpu=cortex-m0 -mthumb -mfloat-abi=soft '-D__weak=__attribute__((weak))' '-D__packed=__attribute__((__packed__))' -DUSE_HAL_DRIVER -DSTM32F030x6 -I"C:/Users/mateu/Desktop/Rufus/Rufus/Prog_RufusV1.0/Inc" -I"C:/Users/mateu/Desktop/Rufus/Rufus/Prog_RufusV1.0/Drivers/STM32F0xx_HAL_Driver/Inc" -I"C:/Users/mateu/Desktop/Rufus/Rufus/Prog_RufusV1.0/Drivers/STM32F0xx_HAL_Driver/Inc/Legacy" -I"C:/Users/mateu/Desktop/Rufus/Rufus/Prog_RufusV1.0/Drivers/CMSIS/Device/ST/STM32F0xx/Include" -I"C:/Users/mateu/Desktop/Rufus/Rufus/Prog_RufusV1.0/Drivers/CMSIS/Include"  -Og -g3 -Wall -fmessage-length=0 -ffunction-sections -c -fmessage-length=0 -MMD -MP -MF"Drivers/STM32F0xx_HAL_Driver/Src/stm32f0xx_hal_rcc.d" -MT"Drivers/STM32F0xx_HAL_Driver/Src/stm32f0xx_hal_rcc.o" -o "Drivers/STM32F0xx_HAL_Driver/Src/stm32f0xx_hal_rcc.o" "../Drivers/STM32F0xx_HAL_Driver/Src/stm32f0xx_hal_rcc.c"
Finished building: ../Drivers/STM32F0xx_HAL_Driver/Src/stm32f0xx_hal_rcc.c
 
Building file: ../Drivers/STM32F0xx_HAL_Driver/Src/stm32f0xx_hal_rcc_ex.c
Invoking: MCU GCC Compiler
C:\Users\mateu\Desktop\Rufus\Rufus\Prog_RufusV1.0\Debug
arm-none-eabi-gcc -mcpu=cortex-m0 -mthumb -mfloat-abi=soft '-D__weak=__attribute__((weak))' '-D__packed=__attribute__((__packed__))' -DUSE_HAL_DRIVER -DSTM32F030x6 -I"C:/Users/mateu/Desktop/Rufus/Rufus/Prog_RufusV1.0/Inc" -I"C:/Users/mateu/Desktop/Rufus/Rufus/Prog_RufusV1.0/Drivers/STM32F0xx_HAL_Driver/Inc" -I"C:/Users/mateu/Desktop/Rufus/Rufus/Prog_RufusV1.0/Drivers/STM32F0xx_HAL_Driver/Inc/Legacy" -I"C:/Users/mateu/Desktop/Rufus/Rufus/Prog_RufusV1.0/Drivers/CMSIS/Device/ST/STM32F0xx/Include" -I"C:/Users/mateu/Desktop/Rufus/Rufus/Prog_RufusV1.0/Drivers/CMSIS/Include"  -Og -g3 -Wall -fmessage-length=0 -ffunction-sections -c -fmessage-length=0 -MMD -MP -MF"Drivers/STM32F0xx_HAL_Driver/Src/stm32f0xx_hal_rcc_ex.d" -MT"Drivers/STM32F0xx_HAL_Driver/Src/stm32f0xx_hal_rcc_ex.o" -o "Drivers/STM32F0xx_HAL_Driver/Src/stm32f0xx_hal_rcc_ex.o" "../Drivers/STM32F0xx_HAL_Driver/Src/stm32f0xx_hal_rcc_ex.c"
Finished building: ../Drivers/STM32F0xx_HAL_Driver/Src/stm32f0xx_hal_rcc_ex.c
 
Building file: ../Drivers/STM32F0xx_HAL_Driver/Src/stm32f0xx_hal_spi.c
Invoking: MCU GCC Compiler
C:\Users\mateu\Desktop\Rufus\Rufus\Prog_RufusV1.0\Debug
arm-none-eabi-gcc -mcpu=cortex-m0 -mthumb -mfloat-abi=soft '-D__weak=__attribute__((weak))' '-D__packed=__attribute__((__packed__))' -DUSE_HAL_DRIVER -DSTM32F030x6 -I"C:/Users/mateu/Desktop/Rufus/Rufus/Prog_RufusV1.0/Inc" -I"C:/Users/mateu/Desktop/Rufus/Rufus/Prog_RufusV1.0/Drivers/STM32F0xx_HAL_Driver/Inc" -I"C:/Users/mateu/Desktop/Rufus/Rufus/Prog_RufusV1.0/Drivers/STM32F0xx_HAL_Driver/Inc/Legacy" -I"C:/Users/mateu/Desktop/Rufus/Rufus/Prog_RufusV1.0/Drivers/CMSIS/Device/ST/STM32F0xx/Include" -I"C:/Users/mateu/Desktop/Rufus/Rufus/Prog_RufusV1.0/Drivers/CMSIS/Include"  -Og -g3 -Wall -fmessage-length=0 -ffunction-sections -c -fmessage-length=0 -MMD -MP -MF"Drivers/STM32F0xx_HAL_Driver/Src/stm32f0xx_hal_spi.d" -MT"Drivers/STM32F0xx_HAL_Driver/Src/stm32f0xx_hal_spi.o" -o "Drivers/STM32F0xx_HAL_Driver/Src/stm32f0xx_hal_spi.o" "../Drivers/STM32F0xx_HAL_Driver/Src/stm32f0xx_hal_spi.c"
Finished building: ../Drivers/STM32F0xx_HAL_Driver/Src/stm32f0xx_hal_spi.c
 
Building file: ../Drivers/STM32F0xx_HAL_Driver/Src/stm32f0xx_hal_spi_ex.c
Invoking: MCU GCC Compiler
C:\Users\mateu\Desktop\Rufus\Rufus\Prog_RufusV1.0\Debug
arm-none-eabi-gcc -mcpu=cortex-m0 -mthumb -mfloat-abi=soft '-D__weak=__attribute__((weak))' '-D__packed=__attribute__((__packed__))' -DUSE_HAL_DRIVER -DSTM32F030x6 -I"C:/Users/mateu/Desktop/Rufus/Rufus/Prog_RufusV1.0/Inc" -I"C:/Users/mateu/Desktop/Rufus/Rufus/Prog_RufusV1.0/Drivers/STM32F0xx_HAL_Driver/Inc" -I"C:/Users/mateu/Desktop/Rufus/Rufus/Prog_RufusV1.0/Drivers/STM32F0xx_HAL_Driver/Inc/Legacy" -I"C:/Users/mateu/Desktop/Rufus/Rufus/Prog_RufusV1.0/Drivers/CMSIS/Device/ST/STM32F0xx/Include" -I"C:/Users/mateu/Desktop/Rufus/Rufus/Prog_RufusV1.0/Drivers/CMSIS/Include"  -Og -g3 -Wall -fmessage-length=0 -ffunction-sections -c -fmessage-length=0 -MMD -MP -MF"Drivers/STM32F0xx_HAL_Driver/Src/stm32f0xx_hal_spi_ex.d" -MT"Drivers/STM32F0xx_HAL_Driver/Src/stm32f0xx_hal_spi_ex.o" -o "Drivers/STM32F0xx_HAL_Driver/Src/stm32f0xx_hal_spi_ex.o" "../Drivers/STM32F0xx_HAL_Driver/Src/stm32f0xx_hal_spi_ex.c"
Finished building: ../Drivers/STM32F0xx_HAL_Driver/Src/stm32f0xx_hal_spi_ex.c
 
Building file: ../Drivers/STM32F0xx_HAL_Driver/Src/stm32f0xx_hal_tim.c
Invoking: MCU GCC Compiler
C:\Users\mateu\Desktop\Rufus\Rufus\Prog_RufusV1.0\Debug
arm-none-eabi-gcc -mcpu=cortex-m0 -mthumb -mfloat-abi=soft '-D__weak=__attribute__((weak))' '-D__packed=__attribute__((__packed__))' -DUSE_HAL_DRIVER -DSTM32F030x6 -I"C:/Users/mateu/Desktop/Rufus/Rufus/Prog_RufusV1.0/Inc" -I"C:/Users/mateu/Desktop/Rufus/Rufus/Prog_RufusV1.0/Drivers/STM32F0xx_HAL_Driver/Inc" -I"C:/Users/mateu/Desktop/Rufus/Rufus/Prog_RufusV1.0/Drivers/STM32F0xx_HAL_Driver/Inc/Legacy" -I"C:/Users/mateu/Desktop/Rufus/Rufus/Prog_RufusV1.0/Drivers/CMSIS/Device/ST/STM32F0xx/Include" -I"C:/Users/mateu/Desktop/Rufus/Rufus/Prog_RufusV1.0/Drivers/CMSIS/Include"  -Og -g3 -Wall -fmessage-length=0 -ffunction-sections -c -fmessage-length=0 -MMD -MP -MF"Drivers/STM32F0xx_HAL_Driver/Src/stm32f0xx_hal_tim.d" -MT"Drivers/STM32F0xx_HAL_Driver/Src/stm32f0xx_hal_tim.o" -o "Drivers/STM32F0xx_HAL_Driver/Src/stm32f0xx_hal_tim.o" "../Drivers/STM32F0xx_HAL_Driver/Src/stm32f0xx_hal_tim.c"
Finished building: ../Drivers/STM32F0xx_HAL_Driver/Src/stm32f0xx_hal_tim.c
 
Building file: ../Drivers/STM32F0xx_HAL_Driver/Src/stm32f0xx_hal_tim_ex.c
Invoking: MCU GCC Compiler
C:\Users\mateu\Desktop\Rufus\Rufus\Prog_RufusV1.0\Debug
arm-none-eabi-gcc -mcpu=cortex-m0 -mthumb -mfloat-abi=soft '-D__weak=__attribute__((weak))' '-D__packed=__attribute__((__packed__))' -DUSE_HAL_DRIVER -DSTM32F030x6 -I"C:/Users/mateu/Desktop/Rufus/Rufus/Prog_RufusV1.0/Inc" -I"C:/Users/mateu/Desktop/Rufus/Rufus/Prog_RufusV1.0/Drivers/STM32F0xx_HAL_Driver/Inc" -I"C:/Users/mateu/Desktop/Rufus/Rufus/Prog_RufusV1.0/Drivers/STM32F0xx_HAL_Driver/Inc/Legacy" -I"C:/Users/mateu/Desktop/Rufus/Rufus/Prog_RufusV1.0/Drivers/CMSIS/Device/ST/STM32F0xx/Include" -I"C:/Users/mateu/Desktop/Rufus/Rufus/Prog_RufusV1.0/Drivers/CMSIS/Include"  -Og -g3 -Wall -fmessage-length=0 -ffunction-sections -c -fmessage-length=0 -MMD -MP -MF"Drivers/STM32F0xx_HAL_Driver/Src/stm32f0xx_hal_tim_ex.d" -MT"Drivers/STM32F0xx_HAL_Driver/Src/stm32f0xx_hal_tim_ex.o" -o "Drivers/STM32F0xx_HAL_Driver/Src/stm32f0xx_hal_tim_ex.o" "../Drivers/STM32F0xx_HAL_Driver/Src/stm32f0xx_hal_tim_ex.c"
Finished building: ../Drivers/STM32F0xx_HAL_Driver/Src/stm32f0xx_hal_tim_ex.c
 
Building file: ../Drivers/STM32F0xx_HAL_Driver/Src/stm32f0xx_hal_uart.c
Invoking: MCU GCC Compiler
C:\Users\mateu\Desktop\Rufus\Rufus\Prog_RufusV1.0\Debug
arm-none-eabi-gcc -mcpu=cortex-m0 -mthumb -mfloat-abi=soft '-D__weak=__attribute__((weak))' '-D__packed=__attribute__((__packed__))' -DUSE_HAL_DRIVER -DSTM32F030x6 -I"C:/Users/mateu/Desktop/Rufus/Rufus/Prog_RufusV1.0/Inc" -I"C:/Users/mateu/Desktop/Rufus/Rufus/Prog_RufusV1.0/Drivers/STM32F0xx_HAL_Driver/Inc" -I"C:/Users/mateu/Desktop/Rufus/Rufus/Prog_RufusV1.0/Drivers/STM32F0xx_HAL_Driver/Inc/Legacy" -I"C:/Users/mateu/Desktop/Rufus/Rufus/Prog_RufusV1.0/Drivers/CMSIS/Device/ST/STM32F0xx/Include" -I"C:/Users/mateu/Desktop/Rufus/Rufus/Prog_RufusV1.0/Drivers/CMSIS/Include"  -Og -g3 -Wall -fmessage-length=0 -ffunction-sections -c -fmessage-length=0 -MMD -MP -MF"Drivers/STM32F0xx_HAL_Driver/Src/stm32f0xx_hal_uart.d" -MT"Drivers/STM32F0xx_HAL_Driver/Src/stm32f0xx_hal_uart.o" -o "Drivers/STM32F0xx_HAL_Driver/Src/stm32f0xx_hal_uart.o" "../Drivers/STM32F0xx_HAL_Driver/Src/stm32f0xx_hal_uart.c"
Finished building: ../Drivers/STM32F0xx_HAL_Driver/Src/stm32f0xx_hal_uart.c
 
Building file: ../Drivers/STM32F0xx_HAL_Driver/Src/stm32f0xx_hal_uart_ex.c
Invoking: MCU GCC Compiler
C:\Users\mateu\Desktop\Rufus\Rufus\Prog_RufusV1.0\Debug
arm-none-eabi-gcc -mcpu=cortex-m0 -mthumb -mfloat-abi=soft '-D__weak=__attribute__((weak))' '-D__packed=__attribute__((__packed__))' -DUSE_HAL_DRIVER -DSTM32F030x6 -I"C:/Users/mateu/Desktop/Rufus/Rufus/Prog_RufusV1.0/Inc" -I"C:/Users/mateu/Desktop/Rufus/Rufus/Prog_RufusV1.0/Drivers/STM32F0xx_HAL_Driver/Inc" -I"C:/Users/mateu/Desktop/Rufus/Rufus/Prog_RufusV1.0/Drivers/STM32F0xx_HAL_Driver/Inc/Legacy" -I"C:/Users/mateu/Desktop/Rufus/Rufus/Prog_RufusV1.0/Drivers/CMSIS/Device/ST/STM32F0xx/Include" -I"C:/Users/mateu/Desktop/Rufus/Rufus/Prog_RufusV1.0/Drivers/CMSIS/Include"  -Og -g3 -Wall -fmessage-length=0 -ffunction-sections -c -fmessage-length=0 -MMD -MP -MF"Drivers/STM32F0xx_HAL_Driver/Src/stm32f0xx_hal_uart_ex.d" -MT"Drivers/STM32F0xx_HAL_Driver/Src/stm32f0xx_hal_uart_ex.o" -o "Drivers/STM32F0xx_HAL_Driver/Src/stm32f0xx_hal_uart_ex.o" "../Drivers/STM32F0xx_HAL_Driver/Src/stm32f0xx_hal_uart_ex.c"
Finished building: ../Drivers/STM32F0xx_HAL_Driver/Src/stm32f0xx_hal_uart_ex.c
 
Building target: Prog_RufusV1.0.elf
Invoking: MCU GCC Linker
arm-none-eabi-gcc -mcpu=cortex-m0 -mthumb -mfloat-abi=soft -specs=nosys.specs -specs=nano.specs -T"../STM32F030C6Tx_FLASH.ld" -Wl,-Map=output.map -Wl,--gc-sections -o "Prog_RufusV1.0.elf" @"objects.list"   -lm
Finished building target: Prog_RufusV1.0.elf
 
make --no-print-directory post-build
Generating hex and Printing size information:
arm-none-eabi-objcopy -O ihex "Prog_RufusV1.0.elf" "Prog_RufusV1.0.hex"
arm-none-eabi-size "Prog_RufusV1.0.elf"
   text	   data	    bss	    dec	    hex	filename
  19448	     12	   2508	  21968	   55d0	Prog_RufusV1.0.elf
 
13:41:13 **** Incremental Build of configuration Debug for project Prog_RufusV1.0 ****
make all 
Building file: ../Src/main.c
Invoking: MCU GCC Compiler
C:\Users\mateu\Desktop\Rufus\Rufus\Prog_RufusV1.0\Debug
arm-none-eabi-gcc -mcpu=cortex-m0 -mthumb -mfloat-abi=soft '-D__weak=__attribute__((weak))' '-D__packed=__attribute__((__packed__))' -DUSE_HAL_DRIVER -DSTM32F030x6 -I"C:/Users/mateu/Desktop/Rufus/Rufus/Prog_RufusV1.0/Inc" -I"C:/Users/mateu/Desktop/Rufus/Rufus/Prog_RufusV1.0/Drivers/STM32F0xx_HAL_Driver/Inc" -I"C:/Users/mateu/Desktop/Rufus/Rufus/Prog_RufusV1.0/Drivers/STM32F0xx_HAL_Driver/Inc/Legacy" -I"C:/Users/mateu/Desktop/Rufus/Rufus/Prog_RufusV1.0/Drivers/CMSIS/Device/ST/STM32F0xx/Include" -I"C:/Users/mateu/Desktop/Rufus/Rufus/Prog_RufusV1.0/Drivers/CMSIS/Include"  -Og -g3 -Wall -fmessage-length=0 -ffunction-sections -c -fmessage-length=0 -MMD -MP -MF"Src/main.d" -MT"Src/main.o" -o "Src/main.o" "../Src/main.c"
../Src/main.c: In function 'main':
../Src/main.c:171:7: warning: unused variable 'g' [-Wunused-variable]
   int g;
       ^
Finished building: ../Src/main.c
 
Building target: Prog_RufusV1.0.elf
Invoking: MCU GCC Linker
arm-none-eabi-gcc -mcpu=cortex-m0 -mthumb -mfloat-abi=soft -specs=nosys.specs -specs=nano.specs -T"../STM32F030C6Tx_FLASH.ld" -Wl,-Map=output.map -Wl,--gc-sections -o "Prog_RufusV1.0.elf" @"objects.list"   -lm
Finished building target: Prog_RufusV1.0.elf
 
make --no-print-directory post-build
Generating hex and Printing size information:
arm-none-eabi-objcopy -O ihex "Prog_RufusV1.0.elf" "Prog_RufusV1.0.hex"
arm-none-eabi-size "Prog_RufusV1.0.elf"
   text	   data	    bss	    dec	    hex	filename
  19428	     12	   2508	  21948	   55bc	Prog_RufusV1.0.elf
 
13:48:47 **** Incremental Build of configuration Debug for project Prog_RufusV1.0 ****
make all 
make: Nothing to be done for 'all'.
15:17:45 **** Incremental Build of configuration Debug for project Prog_RufusV1.0 ****
make all 
Building file: ../Src/main.c
Invoking: MCU GCC Compiler
C:\Users\mateu\Desktop\Rufus\Rufus\Prog_RufusV1.0\Debug
arm-none-eabi-gcc -mcpu=cortex-m0 -mthumb -mfloat-abi=soft '-D__weak=__attribute__((weak))' '-D__packed=__attribute__((__packed__))' -DUSE_HAL_DRIVER -DSTM32F030x6 -I"C:/Users/mateu/Desktop/Rufus/Rufus/Prog_RufusV1.0/Inc" -I"C:/Users/mateu/Desktop/Rufus/Rufus/Prog_RufusV1.0/Drivers/STM32F0xx_HAL_Driver/Inc" -I"C:/Users/mateu/Desktop/Rufus/Rufus/Prog_RufusV1.0/Drivers/STM32F0xx_HAL_Driver/Inc/Legacy" -I"C:/Users/mateu/Desktop/Rufus/Rufus/Prog_RufusV1.0/Drivers/CMSIS/Device/ST/STM32F0xx/Include" -I"C:/Users/mateu/Desktop/Rufus/Rufus/Prog_RufusV1.0/Drivers/CMSIS/Include"  -Og -g3 -Wall -fmessage-length=0 -ffunction-sections -c -fmessage-length=0 -MMD -MP -MF"Src/main.d" -MT"Src/main.o" -o "Src/main.o" "../Src/main.c"
../Src/main.c: In function 'main':
../Src/main.c:171:7: warning: unused variable 'g' [-Wunused-variable]
   int g;
       ^
Finished building: ../Src/main.c
 
Building target: Prog_RufusV1.0.elf
Invoking: MCU GCC Linker
arm-none-eabi-gcc -mcpu=cortex-m0 -mthumb -mfloat-abi=soft -specs=nosys.specs -specs=nano.specs -T"../STM32F030C6Tx_FLASH.ld" -Wl,-Map=output.map -Wl,--gc-sections -o "Prog_RufusV1.0.elf" @"objects.list"   -lm
Finished building target: Prog_RufusV1.0.elf
 
make --no-print-directory post-build
Generating hex and Printing size information:
arm-none-eabi-objcopy -O ihex "Prog_RufusV1.0.elf" "Prog_RufusV1.0.hex"
arm-none-eabi-size "Prog_RufusV1.0.elf"
   text	   data	    bss	    dec	    hex	filename
  19428	     12	   2508	  21948	   55bc	Prog_RufusV1.0.elf
 
16:05:44 **** Incremental Build of configuration Debug for project Prog_RufusV1.0 ****
make all 
Building file: ../Src/controle.c
Invoking: MCU GCC Compiler
C:\Users\mateu\Desktop\Rufus\Rufus\Prog_RufusV1.0\Debug
arm-none-eabi-gcc -mcpu=cortex-m0 -mthumb -mfloat-abi=soft '-D__weak=__attribute__((weak))' '-D__packed=__attribute__((__packed__))' -DUSE_HAL_DRIVER -DSTM32F030x6 -I"C:/Users/mateu/Desktop/Rufus/Rufus/Prog_RufusV1.0/Inc" -I"C:/Users/mateu/Desktop/Rufus/Rufus/Prog_RufusV1.0/Drivers/STM32F0xx_HAL_Driver/Inc" -I"C:/Users/mateu/Desktop/Rufus/Rufus/Prog_RufusV1.0/Drivers/STM32F0xx_HAL_Driver/Inc/Legacy" -I"C:/Users/mateu/Desktop/Rufus/Rufus/Prog_RufusV1.0/Drivers/CMSIS/Device/ST/STM32F0xx/Include" -I"C:/Users/mateu/Desktop/Rufus/Rufus/Prog_RufusV1.0/Drivers/CMSIS/Include"  -Og -g3 -Wall -fmessage-length=0 -ffunction-sections -c -fmessage-length=0 -MMD -MP -MF"Src/controle.d" -MT"Src/controle.o" -o "Src/controle.o" "../Src/controle.c"
Finished building: ../Src/controle.c
 
Building target: Prog_RufusV1.0.elf
Invoking: MCU GCC Linker
arm-none-eabi-gcc -mcpu=cortex-m0 -mthumb -mfloat-abi=soft -specs=nosys.specs -specs=nano.specs -T"../STM32F030C6Tx_FLASH.ld" -Wl,-Map=output.map -Wl,--gc-sections -o "Prog_RufusV1.0.elf" @"objects.list"   -lm
Finished building target: Prog_RufusV1.0.elf
 
make --no-print-directory post-build
Generating hex and Printing size information:
arm-none-eabi-objcopy -O ihex "Prog_RufusV1.0.elf" "Prog_RufusV1.0.hex"
arm-none-eabi-size "Prog_RufusV1.0.elf"
   text	   data	    bss	    dec	    hex	filename
  19412	     12	   2508	  21932	   55ac	Prog_RufusV1.0.elf
 
